DROP TABLE
DROP TABLE
CREATE TABLE
COPY 242
CREATE TABLE
COPY 3995
name|two_letter|country_id
Afghanistan|AF|4
Albania|AL|8
Algeria|DZ|12
American Samoa|AS|16
Andorra|AD|20
Angola|AO|24
Anguilla|AI|660
Antarctica|AQ|10
Antigua and Barbuda|AG|28
Argentina|AR|32
Armenia|AM|51
Aruba|AW|533
Australia|AU|36
Austria|AT|40
Azerbaijan|AZ|31
Bahamas|BS|44
Bahrain|BH|48
Bangladesh|BD|50
Barbados|BB|52
Belarus|BY|112
Belgium|BE|56
Belize|BZ|84
Benin|BJ|204
Bermuda|BM|60
Bhutan|BT|64
Bolivia|BO|68
Bosnia and Herzegowina|BA|70
Botswana|BW|72
Bouvet Island|BV|74
Brazil|BR|76
British Indian Ocean Territory|IO|86
Brunei Darussalam|BN|96
Bulgaria|BG|100
Burkina Faso|BF|854
Burundi|BI|108
Cambodia|KH|116
Cameroon|CM|120
Canada|CA|124
Cape Verde|CV|132
Cayman Islands|KY|136
Central African Republic|CF|140
Chad|TD|148
Chile|CL|152
China|CN|156
Christmas Island|CX|162
Cocos (Keeling) Islands|CC|166
Colombia|CO|170
Comoros|KM|174
Congo|CG|178
Congo, The Democratic Republic of the|CD|180
Cook Islands|CK|184
Costa Rica|CR|188
Cote D'Ivoire|CI|384
Croatia (local name: Hrvatska)|HR|191
Cuba|CU|192
Cyprus|CY|196
Czech Republic|CZ|203
Denmark|DK|208
Djibouti|DJ|262
Dominica|DM|212
Dominican Republic|DO|214
East Timor|TP|626
Ecuador|EC|218
Egypt|EG|818
El Salvador|SV|222
Equatorial Guinea|GQ|226
Eritrea|ER|232
Estonia|EE|233
Ethiopia|ET|231
Falkland Islands (Malvinas)|FK|238
Faroe Islands|FO|234
Fiji|FJ|242
Finland|FI|246
France|FR|250
France, Metropolitan|FX|249
French Guiana|GF|254
French Polynesia|PF|258
French Southern Territories|TF|260
Gabon|GA|266
Gambia|GM|270
Georgia|GE|268
Germany|DE|276
Ghana|GH|288
Gibraltar|GI|292
Greece|GR|300
Greenland|GL|304
Grenada|GD|308
Guadeloupe|GP|312
Guam|GU|316
Guatemala|GT|320
Guinea|GN|324
Guinea-Bissau|GW|624
Guyana|GY|328
Haiti|HT|332
Heard and McDonald Islands|HM|334
Holy See (Vatican City State)|VA|336
Honduras|HN|340
Hong Kong|HK|344
Hungary|HU|348
Iceland|IS|352
India|IN|356
Indonesia|ID|360
Iran (Islamic Republic of)|IR|364
Iraq|IQ|368
Ireland|IE|372
Israel|IL|376
Italy|IT|380
Jamaica|JM|388
Japan|JP|392
Jordan|JO|400
Kazakhstan|KZ|398
Kenya|KE|404
Kiribati|KI|296
Korea, Democratic People's Republic of|KP|408
Korea, Republic of|KR|410
Kuwait|KW|414
Kyrgyzstan|KG|417
Lao People's Democratic Republic|LA|418
Latvia|LV|428
Lebanon|LB|422
Lesotho|LS|426
Liberia|LR|430
Libyan Arab Jamahiriya|LY|434
Liechtenstein|LI|438
Lithuania|LT|440
Luxembourg|LU|442
Macau|MO|446
Macedonia, the Former Yugoslav Republic of|MK|807
Madagascar|MG|450
Malawi|MW|454
Malaysia|MY|458
Maldives|MV|462
Mali|ML|466
Malta|MT|470
Marshall Islands|MH|584
Martinique|MQ|474
Mauritania|MR|478
Mauritius|MU|480
Mayotte|YT|175
Mexico|MX|484
Micronesia, Federated States of|FM|583
Moldova, Republic of|MD|498
Monaco|MC|492
Mongolia|MN|496
Montserrat|MS|500
Morocco|MA|504
Mozambique|MZ|508
Myanmar|MM|104
Namibia|NA|516
Nauru|NR|520
Nepal|NP|524
Netherlands|NL|528
Netherlands Antilles|AN|530
New Caledonia|NC|540
New Zealand|NZ|554
Nicaragua|NI|558
Niger|NE|562
Nigeria|NG|566
Niue|NU|570
Norfolk Island|NF|574
Northern Mariana Islands|MP|580
Norway|NO|578
Oman|OM|512
Pakistan|PK|586
Palau|PW|585
Palestinian Territory, Occupied|PS|275
Panama|PA|591
Papua New Guinea|PG|598
Paraguay|PY|600
Peru|PE|604
Philippines|PH|608
Pitcairn|PN|612
Poland|PL|616
Portugal|PT|620
Puerto Rico|PR|630
Qatar|QA|634
Reunion|RE|638
Romania|RO|642
Russian Federation|RU|643
Rwanda|RW|646
Saint Kitts and Nevis|KN|659
Saint Lucia|LC|662
Saint Vincent and the Grenadines|VC|670
Samoa|WS|882
San Marino|SM|674
Sao Tome and Principe|ST|678
Saudi Arabia|SA|682
Senegal|SN|686
Serbia and Montenegro|CS|891
Seychelles|SC|690
Sierra Leone|SL|694
Singapore|SG|702
Slovakia (Slovak Republic)|SK|703
Slovenia|SI|705
Solomon Islands|SB|90
Somalia|SO|706
South Africa|ZA|710
South Georgia and the South Sandwich Islands|GS|239
Spain|ES|724
Sri Lanka|LK|144
St. Helena|SH|654
St. Pierre and Miquelon|PM|666
Sudan|SD|736
Suriname|SR|740
Svalbard and Jan Mayen Islands|SJ|744
Swaziland|SZ|748
Sweden|SE|752
Switzerland|CH|756
Syrian Arab Republic|SY|760
Taiwan, Province of China|TW|158
Tajikistan|TJ|762
Tanzania, United Republic of|TZ|834
Thailand|TH|764
Timor-Leste|TL|626
Togo|TG|768
Tokelau|TK|772
Tonga|TO|776
Trinidad and Tobago|TT|780
Tunisia|TN|788
Turkey|TR|792
Turkmenistan|TM|795
Turks and Caicos Islands|TC|796
Tuvalu|TV|798
Uganda|UG|800
Ukraine|UA|804
United Arab Emirates|AE|784
United Kingdom|GB|826
United States|US|840
United States Minor Outlying Islands|UM|581
Uruguay|UY|858
Uzbekistan|UZ|860
Vanuatu|VU|548
Venezuela|VE|862
Viet Nam|VN|704
Virgin Islands (British)|VG|92
Virgin Islands (U.S.)|VI|850
Wallis and Futuna Islands|WF|876
Western Sahara|EH|732
Yemen|YE|887
Yugoslavia|YU|891
Zambia|ZM|894
Zimbabwe|ZW|716
(242 rows)
country|subcountry_name|subdivision|subcountry_level
AD|AN|Andorra la Vella|
AD|CA|Canillo|
AD|EE|Escaldes-Engordany|
AD|EN|Encamp|
AD|JL|Sant Julià de Lòria|
AD|MA|La Massana|
AD|OR|Ordino|
AE|AJ|Ajman|
AE|AZ|Abu Z¸aby [Abu Dhabi]|
AE|DU|Dubayy [Dubai]|
AE|FU|Al Fujayrah|
AE|RK|Ras al Khaymah|
AE|SH|Ash Shariqah [Sharjah]|
AE|UQ|Umm al Qaywayn|
AF|BAL|Balkh|
AF|BAM|Bamian|
AF|BDG|Badghis|
AF|BDS|Badakhshan|
AF|BGL|Baghlan|
AF|FRA|Farah|
AF|FYB|Faryab|
AF|GHA|Ghazni|
AF|GHO|Ghowr|
AF|HEL|Helmand|
AF|HER|Herat|
AF|JOW|Jowzjan|
AF|KAB|Kabul [Kabol]|
AF|KAN|Kandahar|
AF|KAP|Kapisa|
AF|KDZ|Kondoz [Kunduz]|
AF|KNR|Konar [Kunar]|
AF|LAG|Laghman|
AF|LOW|Lowgar|
AF|NAN|Nangrahar [Nangarhar]|
AF|NIM|Nimruz|
AF|ORU|Oruzgan [Uruzgan]|
AF|PAR|Parwan|
AF|PIA|Paktia|
AF|PKA|Paktika|
AF|SAM|Samangan|
AF|SAR|Sar-e Pol|
AF|TAK|Takhar|
AF|WAR|Wardak [Wardag]|
AF|ZAB|Zabol [Zabul]|
AG|||
AI|||
AL|BR|Berat|
AL|BU|Bulqizë|
AL|DI|Dibër|
AL|DL|Delvinë|
AL|DR|Durrës|
AL|DV|Devoll|
AL|EL|Elbasan|
AL|ER|Kolonjë|
AL|FR|Fier|
AL|GJ|Gjirokastër|
AL|GR|Gramsh|
AL|HA|Has|
AL|KA|Kavajë|
AL|KB|Kurbin|
AL|KC|Kuçovë|
AL|KO|Korçë|
AL|KR|Krujë|
AL|KU|Kukës|
AL|LB|Librazhd|
AL|LE|Lezhë|
AL|LU|Lushnjë|
AL|MK|Mallakastër|
AL|MM|Malësi e Madhe|
AL|MR|Mirditë|
AL|MT|Mat|
AL|PG|Pogradec|
AL|PQ|Peqin|
AL|PR|Përmet|
AL|PU|Pukë|
AL|SH|Shkodër|
AL|SK|Skrapar|
AL|SR|Sarandë|
AL|TE|Tepelenë|
AL|TP|Tropojë|
AL|TR|Tiranë|
AL|VL|Vlorë|
AM|AG|Aragacotn|Region
AM|AR|Ararat|Region
AM|AV|Armavir|Region
AM|ER|Erevan|City
AM|GR|Gegark'unik'|Region
AM|KT|Kotayk'|Region
AM|LO|Lory|Region
AM|SH|Širak|Region
AM|SU|Syunik'|Region
AM|TV|Tavuš|Region
AM|VD|Vayoc Jor|Region
AN|||
AO|BGO|Bengo|
AO|BGU|Benguela|
AO|BIE|Bié|
AO|CAB|Cabinda|
AO|CCU|Cuando-Cubango|
AO|CNN|Cunene|
AO|CNO|Cuanza Norte|
AO|CUS|Cuanza Sul|
AO|HUA|Huambo|
AO|HUI|Huíla|
AO|LNO|Lunda Norte|
AO|LSU|Lunda Sul|
AO|LUA|Luanda|
AO|MAL|Malange|
AO|MOX|Moxico|
AO|NAM|Namibe|
AO|UIG|Uíge|
AO|ZAI|Zaire|
AQ|||
AR|A|Salta|Province
AR|B|Buenos Aires|Province
AR|C|Capital federal|Federal District
AR|D|San Luis|Province
AR|E|Entre Ríos|Province
AR|F|La Rioja|Province
AR|G|Santiago del Estero|Province
AR|H|Chaco|Province
AR|J|San Juan|Province
AR|K|Catamarca|Province
AR|L|La Pampa|Province
AR|M|Mendoza|Province
AR|N|Misiones|Province
AR|P|Formosa|Province
AR|Q|Neuquén|Province
AR|R|Río Negro|Province
AR|S|Santa Fe|Province
AR|T|Tucumán|Province
AR|U|Chubut|Province
AR|V|Tierra del Fuego|Province
AR|W|Corrientes|Province
AR|X|Córdoba|Province
AR|Y|Jujuy|Province
AR|Z|Santa Cruz|Province
AS|||
AT|1|Burgenland|
AT|2|Kärnten|
AT|3|Niederösterreich|
AT|4|Oberösterreich|
AT|5|Salzburg|
AT|6|Steiermark|
AT|7|Tirol|
AT|8|Vorarlberg|
AT|9|Wien|
AU|ACT|Australian Capital Territory|Territory
AU|NSW|New South Wales|State
AU|NT|Northern Territory|Territory
AU|QLD|Queensland|State
AU|SA|South Australia|State
AU|TAS|Tasmania|State
AU|VIC|Victoria|State
AU|WA|Western Australia|State
AW|||
AZ|AB|Äli Bayramli|City
AZ|ABS|Abseron|Rayon
AZ|AGA|Agstafa|Rayon
AZ|AGC|Agcabädi|Rayon
AZ|AGM|Agdam|Rayon
AZ|AGS|Agdas|Rayon
AZ|AGU|Agsu|Rayon
AZ|AST|Astara|Rayon
AZ|BA|Baki|City
AZ|BAB|Babäk|Rayon
AZ|BAL|Balakän|Rayon
AZ|BAR|Bärdä|Rayon
AZ|BEY|Beyläqan|Rayon
AZ|BIL|Biläsuvar|Rayon
AZ|CAB|Cäbrayil|Rayon
AZ|CAL|Cälilabab|Rayon
AZ|CUL|Culfa|Rayon
AZ|DAS|Daskäsän|Rayon
AZ|DAV|Däväçi|Rayon
AZ|FUZ|Füzuli|Rayon
AZ|GA|Gäncä|City
AZ|GAD|Gädäbäy|Rayon
AZ|GOR|Goranboy|Rayon
AZ|GOY|Göyçay|Rayon
AZ|HAC|Haciqabul|Rayon
AZ|IMI|Imisli|Rayon
AZ|ISM|Ismayilli|Rayon
AZ|KAL|Kälbäcär|Rayon
AZ|KUR|Kürdämir|Rayon
AZ|LA|Länkäran|City
AZ|LAC|Laçin|Rayon
AZ|LAN|Länkäran|Rayon
AZ|LER|Lerik|Rayon
AZ|MAS|Masalli|Rayon
AZ|MI|Mingäçevir|City
AZ|NA|Naftalan|City
AZ|NEF|Neftçala|Rayon
AZ|OGU|Oguz|Rayon
AZ|ORD|Ordubad|Rayon
AZ|QAB|Qäbälä|Rayon
AZ|QAX|Qax|Rayon
AZ|QAZ|Qazax|Rayon
AZ|QBA|Quba|Rayon
AZ|QBI|Qubadli|Rayon
AZ|QOB|Qobustan|Rayon
AZ|QUS|Qusar|Rayon
AZ|SA|Säki|City
AZ|SAB|Sabirabad|Rayon
AZ|SAD|Sädäräk|Rayon
AZ|SAH|Sahbuz|Rayon
AZ|SAK|Säki|Rayon
AZ|SAL|Salyan|Rayon
AZ|SAR|Särur|Rayon
AZ|SAT|Saatli|Rayon
AZ|SIY|Siyäzän|Rayon
AZ|SKR|Sämkir|Rayon
AZ|SM|Sumqayit|City
AZ|SMI|Samaxi|Rayon
AZ|SMX|Samux|Rayon
AZ|SS|Susa|City
AZ|SUS|Susa|Rayon
AZ|TAR|Tärtär|Rayon
AZ|TOV|Tovuz|Rayon
AZ|UCA|Ucar|Rayon
AZ|XA|Xankändi|City
AZ|XAC|Xaçmaz|Rayon
AZ|XAN|Xanlar|Rayon
AZ|XCI|Xocali|Rayon
AZ|XIZ|Xizi|Rayon
AZ|XVD|Xocavänd|Rayon
AZ|YAR|Yardimli|Rayon
AZ|YE|Yevlax|City
AZ|YEV|Yevlax|Rayon
AZ|ZAN|Zängilan|Rayon
AZ|ZAQ|Zaqatala|Rayon
AZ|ZAR|Zärdab|Rayon
BA|BIH|Federacija Bosna i Hercegovina|
BA|SRP|Republika Srpska|
BB|||
BD|01|Bandarban zila|
BD|02|Barguna zila|
BD|03|Bogra zila|
BD|04|Brahmanbaria zila|
BD|05|Bagerhat zila|
BD|06|Barisal zila|
BD|07|Bhola zila|
BD|08|Comilla zila|
BD|09|Chandpur zila|
BD|10|Chittagong zila|
BD|11|Cox's Bazar zila|
BD|12|Chuadanga zila|
BD|13|Dhaka zila|
BD|14|Dinajpur zila|
BD|15|Faridpur zila|
BD|16|Feni zila|
BD|17|Gopalganj zila|
BD|18|Gazipur zila|
BD|19|Gaibandha zila|
BD|20|Habiganj zila|
BD|21|Jamalpur zila|
BD|22|Jessore zila|
BD|23|Jhenaidah zila|
BD|24|Jaipurhat zila|
BD|25|Jhalakati zila|
BD|26|Kishoreganj zila|
BD|27|Khulna zila|
BD|28|Kurigram zila|
BD|29|Khagrachari zila|
BD|30|Kushtia zila|
BD|31|Lakshmipur zila|
BD|32|Lalmonirhat zila|
BD|33|Manikganj zila|
BD|34|Mymensingh zila|
BD|35|Munshiganj zila|
BD|36|Madaripur zila|
BD|37|Magura zila|
BD|38|Moulvibazar zila|
BD|39|Meherpur zila|
BD|40|Narayanganj zila|
BD|41|Netrakona zila|
BD|42|Narsingdi zila|
BD|43|Narail zila|
BD|44|Natore zila|
BD|45|Nawabganj zila|
BD|46|Nilphamari zila|
BD|47|Noakhali zila|
BD|48|Naogaon zila|
BD|49|Pabna zila|
BD|50|Pirojpur zila|
BD|51|Patuakhali zila|
BD|52|Panchagarh zila|
BD|53|Rajbari zila|
BD|54|Rajshahi zila|
BD|55|Rangpur zila|
BD|56|Rangamati zila|
BD|57|Sherpur zila|
BD|58|Satkhira zila|
BD|59|Sirajganj zila|
BD|60|Sylhet zila|
BD|61|Sunamganj zila|
BD|62|Shariatpur zila|
BD|63|Tangail zila|
BD|64|Thakurgaon zila|
BE|VAN|Antwerpen (nl)|
BE|VBR|Vlaams Brabant (nl)|
BE|VLI|Limburg (nl)|
BE|VOV|Oost-Vlaanderen (nl)|
BE|VWV|West-Vlaanderen (nl)|
BE|WBR|Brabant Wallon (fr)|
BE|WHT|Hainaut (fr)|
BE|WLG|Liège (fr)|
BE|WLX|Luxembourg (fr)|
BE|WNA|Namur (fr)|
BF|BAL|Balé|
BF|BAM|Bam|
BF|BAN|Banwa|
BF|BAZ|Bazèga|
BF|BGR|Bougouriba|
BF|BLG|Boulgou|
BF|BLK|Boulkiemdé|
BF|COM|Comoé|
BF|GAN|Ganzourgou|
BF|GNA|Gnagna|
BF|GOU|Gourma|
BF|HOU|Houet|
BF|IOB|Ioba|
BF|KAD|Kadiogo|
BF|KEN|Kénédougou|
BF|KMD|Komondjari|
BF|KMP|Kompienga|
BF|KOP|Koulpélogo|
BF|KOS|Kossi|
BF|KOT|Kouritenga|
BF|KOW|Kourwéogo|
BF|LER|Léraba|
BF|LOR|Loroum|
BF|MOU|Mouhoun|
BF|NAM|Namentenga|
BF|NAO|Nahouri|
BF|NAY|Nayala|
BF|NOU|Noumbiel|
BF|OUB|Oubritenga|
BF|OUD|Oudalan|
BF|PAS|Passoré|
BF|PON|Poni|
BF|SEN|Séno|
BF|SIS|Sissili|
BF|SMT|Sanmatenga|
BF|SNG|Sanguié|
BF|SOM|Soum|
BF|SOR|Sourou|
BF|TAP|Tapoa|
BF|TUI|Tui|
BF|YAG|Yagha|
BF|YAT|Yatenga|
BF|ZIR|Ziro|
BF|ZON|Zondoma|
BF|ZOU|Zoundwéogo|
BG|01|Blagoevgrad|
BG|02|Burgas|
BG|03|Varna|
BG|04|Veliko Tarnovo|
BG|05|Vidin|
BG|06|Vraca|
BG|07|Gabrovo|
BG|08|Dobric|
BG|09|Kardžali|
BG|10|Kjustendil|
BG|11|Lovec|
BG|12|Montana|
BG|13|Pazardžik|
BG|14|Pernik|
BG|15|Pleven|
BG|16|Plovdiv|
BG|17|Razgrad|
BG|18|Ruse|
BG|19|Silistra|
BG|20|Sliven|
BG|21|Smoljan|
BG|22|Sofija-Grad|
BG|23|Sofija|
BG|24|Stara Zagora|
BG|25|Targovište|
BG|26|Haskovo|
BG|27|Šumen|
BG|28|Jambol|
BH|01|Al Hadd|
BH|02|Al Muharraq|
BH|03|Al Manamah|
BH|04|Jidd Hafs|
BH|05|Al Mintaqah ash Shamaliyah|
BH|06|Sitrah|
BH|07|Al Mintaqah al Wustá|
BH|08|Madinat `Isá|
BH|09|Ar Rifa|
BH|10|Al Mintaqah al Gharbiyah|
BH|11|Mintaqat Juzur Hawar|
BH|12|Madinat Hamad|
BI|BB|Bubanza|
BI|BJ|Bujumbura|
BI|BR|Bururi|
BI|CA|Cankuzo|
BI|CI|Cibitoke|
BI|GI|Gitega|
BI|KI|Kirundo|
BI|KR|Karuzi|
BI|KY|Kayanza|
BI|MA|Makamba|
BI|MU|Muramvya|
BI|MW|Mwaro|
BI|MY|Muyinga|
BI|NG|Ngozi|
BI|RT|Rutana|
BI|RY|Ruyigi|
BJ|AK|Atakora|
BJ|AL|Alibori|
BJ|AQ|Atlantique|
BJ|BO|Borgou|
BJ|CO|Collines|
BJ|DO|Donga|
BJ|KO|Kouffo|
BJ|LI|Littoral|
BJ|MO|Mono|
BJ|OU|Ouémé|
BJ|PL|Plateau|
BJ|ZO|Zou|
BM|||
BN|BE|Belait|
BN|BM|Brunei-Muara|
BN|TE|Temburong|
BN|TU|Tutong|
BO|B|El Beni|
BO|C|Cochabamba|
BO|H|Chuquisaca|
BO|L|La Paz|
BO|N|Pando|
BO|O|Oruro|
BO|P|Potosí|
BO|S|Santa Cruz|
BO|T|Tarija|
BR|AC|Acre|State
BR|AL|Alagoas|State
BR|AM|Amazonas|State
BR|AP|Amapá|State
BR|BA|Bahia|State
BR|CE|Ceará|State
BR|DF|Distrito Federal|Federal District
BR|ES|Espírito Santo|State
BR|GO|Goiás|State
BR|MA|Maranhão|State
BR|MG|Minas Gerais|State
BR|MS|Mato Grosso do Sul|State
BR|MT|Mato Grosso|State
BR|PA|Pará|State
BR|PB|Paraíba|State
BR|PE|Pernambuco|State
BR|PI|Piauí|State
BR|PR|Paraná|State
BR|RJ|Rio de Janeiro|State
BR|RN|Rio Grande do Norte|State
BR|RO|Rondônia|State
BR|RR|Roraima|State
BR|RS|Rio Grande do Sul|State
BR|SC|Santa Catarina|State
BR|SE|Sergipe|State
BR|SP|São Paulo|State
BR|TO|Tocantins|State
BS|AC|Acklins and Crooked Islands|
BS|BI|Bimini|
BS|CI|Cat Island|
BS|EX|Exuma|
BS|FC|Fresh Creek|
BS|FP|Freeport|
BS|GH|Governor's Harbour|
BS|GT|Green Turtle Cay|
BS|HI|Harbour Island|
BS|HR|High Rock|
BS|IN|Inagua|
BS|KB|Kemps Bay|
BS|LI|Long Island|
BS|MG|Mayaguana|
BS|MH|Marsh Harbour|
BS|NB|Nicholls Town and Berry Islands|
BS|NP|New Providence|
BS|RI|Ragged Island|
BS|RS|Rock Sound|
BS|SP|Sandy Point|
BS|SR|San Salvador and Rum Cay|
BT|11|Paro|
BT|12|Chhukha|
BT|13|Ha|
BT|14|Samtse|
BT|15|Thimphu|
BT|21|Tsirang|
BT|22|Dagana|
BT|23|Punakha|
BT|24|Wangdue Phodrang|
BT|31|Sarpang|
BT|32|Trongsa|
BT|33|Bumthang|
BT|34|Zhemgang|
BT|41|Trashigang|
BT|42|Monggar|
BT|43|Pemagatshel|
BT|44|Lhuentse|
BT|45|Samdrup Jongkha|
BT|GA|Gasa|
BT|TY|Trashi Yangtse|
BV|||
BW|CE|Central|
BW|GH|Ghanzi|
BW|KG|Kgalagadi|
BW|KL|Kgatleng|
BW|KW|Kweneng|
BW|NE|North-East|
BW|NW|North-West|
BW|SE|South-East|
BW|SO|Southern|
BY|BR|Brestskaya voblasts' (be) Brestskaya oblast' (ru)|
BY|HO|Homyel'skaya voblasts' (be) Gomel'skaya oblast' (ru)|
BY|HR|Hrodzenskaya voblasts' (be) Grodnenskaya oblast' (ru)|
BY|MA|Mahilyowskaya voblasts' (be) Mogilevskaya oblast' (ru)|
BY|MI|Minskaya voblasts' (be) Minskaya oblast' (ru)|
BY|VI|Vitsyebskaya voblasts' (be) Vitebskaya oblast' (ru)|
BZ|BZ|Belize|
BZ|CY|Cayo|
BZ|CZL|Corozal|
BZ|OW|Orange Walk|
BZ|SC|Stann Creek|
BZ|TOL|Toledo|
CA|AB|Alberta|Province
CA|BC|British Columbia|Province
CA|MB|Manitoba|Province
CA|NB|New Brunswick|Province
CA|NL|Newfoundland and Labrador|Province
CA|NS|Nova Scotia|Province
CA|NT|Northwest Territories|Territory
CA|NU|Nunavut|Territory
CA|ON|Ontario|Province
CA|PE|Prince Edward Island|Province
CA|QC|Quebec|Province
CA|SK|Saskatchewan|Province
CA|YT|Yukon Territory|Territory
CC|||
CD|BC|Bas-Congo|Province
CD|BN|Bandundu|Province
CD|EQ|Équateur|Province
CD|KA|Katanga|Province
CD|KE|Kasai-Oriental|Province
CD|KN|Kinshasa|City
CD|KW|Kasai-Occidental|Province
CD|MA|Maniema|Province
CD|NK|Nord-Kivu|Province
CD|OR|Orientale|Province
CD|SK|Sud-Kivu|Province
CF|AC|Ouham|Prefecture
CF|BB|Bamingui-Bangoran|Prefecture
CF|BGF|Bangui|Capital
CF|BK|Basse-Kotto|Prefecture
CF|HK|Haute-Kotto|Prefecture
CF|HM|Haut-Mbomou|Prefecture
CF|HS|Mambéré-Kadéï|Prefecture
CF|KB|Nana-Grébizi|Prefecture
CF|KG|Kémo|Prefecture
CF|LB|Lobaye|Prefecture
CF|MB|Mbomou|Prefecture
CF|MP|Ombella-Mpoko|Prefecture
CF|NM|Nana-Mambéré|Prefecture
CF|OP|Ouham-Pendé|Prefecture
CF|SE|Sangha-Mbaéré|Prefecture
CF|UK|Ouaka|Prefecture
CF|VK|Vakaga|Prefecture
CG|11|Bouenza|Region
CG|12|Pool|Region
CG|13|Sangha|Region
CG|14|Plateaux|Region
CG|15|Cuvette-Ouest|Region
CG|2|Lékoumou|Region
CG|5|Kouilou|Region
CG|7|Likouala|Region
CG|8|Cuvette|Region
CG|9|Niari|Region
CG|BZV|Brazzaville|Capital
CH|AG|Aargau (de)|
CH|AI|Appenzell Innerrhoden (de)|
CH|AR|Appenzell Ausserrhoden (de)|
CH|BE|Bern (de)|
CH|BL|Basel-Landschaft (de)|
CH|BS|Basel-Stadt (de)|
CH|FR|Fribourg (fr)|
CH|GE|Genève (fr)|
CH|GL|Glarus (de)|
CH|GR|Graubünden (de)|
CH|JU|Jura (fr)|
CH|LU|Luzern (de)|
CH|NE|Neuchâtel (fr)|
CH|NW|Nidwalden (de)|
CH|OW|Obwalden (de)|
CH|SG|Sankt Gallen (de)|
CH|SH|Schaffhausen (de)|
CH|SO|Solothurn (de)|
CH|SZ|Schwyz (de)|
CH|TG|Thurgau (de)|
CH|TI|Ticino (it)|
CH|UR|Uri (de)|
CH|VD|Vaud (fr)|
CH|VS|Valais (fr)|
CH|ZG|Zug (de)|
CH|ZH|Zürich (de)|
CI|01|Lagunes (Région des)|
CI|02|Haut-Sassandra (Région du)|
CI|03|Savanes (Région des)|
CI|04|Vallée du Bandama (Région de la)|
CI|05|Moyen-Comoé (Région du)|
CI|06|18 Montagnes (Région des)|
CI|07|Lacs (Région des)|
CI|08|Zanzan (Région du)|
CI|09|Bas-Sassandra (Région du)|
CI|10|Denguélé (Région du)|
CI|11|Nzi-Comoé (Région)|
CI|12|Marahoué (Région de la)|
CI|13|Sud-Comoé (Région du)|
CI|14|Worodougou (Région du)|
CI|15|Sud-Bandama (Région du)|
CI|16|Agnébi (Région de l')|
CK|||
CL|AI|Aisén del General Carlos Ibáñez del Campo|
CL|AN|Antofagasta|
CL|AR|Araucanía|
CL|AT|Atacama|
CL|BI|Bío-Bío|
CL|CO|Coquimbo|
CL|LI|Libertador General Bernardo O'Higgins|
CL|LL|Los Lagos|
CL|MA|Magallanes|
CL|ML|Maule|
CL|RM|Región Metropolitana de Santiago|
CL|TA|Tarapacá|
CL|VS|Valparaíso|
CM|AD|Adamaoua|
CM|CE|Centre|
CM|EN|Far North|
CM|ES|East|
CM|LT|Littoral|
CM|NO|North|
CM|NW|North-West|
CM|OU|West|
CM|SU|South|
CM|SW|South-West|
CN|11|Beijing|Municipality
CN|12|Tianjin|Municipality
CN|13|Hebei|Province
CN|14|Shanxi|Province
CN|15|Neimenggu (zh) |Autonomous Region
CN|21|Liaoning|Province
CN|22|Jilin|Province
CN|23|Heilongjiang|Province
CN|31|Shanghai|Municipality
CN|32|Jiangsu|Province
CN|33|Zhejiang|Province
CN|34|Anhui|Province
CN|35|Fujian|Province
CN|36|Jiangxi|Province
CN|37|Shandong|Province
CN|41|Henan|Province
CN|42|Hubei|Province
CN|43|Hunan|Province
CN|44|Guangdong|Province
CN|45|Guangxi|Autonomous Region
CN|46|Hainan|Province
CN|50|Chongqing|Municipality
CN|51|Sichuan|Province
CN|52|Guizhou|Province
CN|53|Yunnan|Province
CN|54|Xizang|Autonomous Region
CN|61|Shaanxi|Province
CN|62|Gansu|Province
CN|63|Qinghai|Province
CN|64|Ningxia|Autonomous Region
CN|65|Xinjiang|Autonomous Region
CN|71|Taiwan |Province
CN|91|Xianggang (zh) |Special Administrative Region
CN|92|Aomen (zh) |Special Administrative Region
CO|AMA|Amazonas|Department
CO|ANT|Antioquia|Department
CO|ARA|Arauca|Department
CO|ATL|Atlántico|Department
CO|BOL|Bolívar|Department
CO|BOY|Boyacá|Department
CO|CAL|Caldas|Department
CO|CAQ|Caquetá|Department
CO|CAS|Casanare|Department
CO|CAU|Cauca|Department
CO|CES|Cesar|Department
CO|CHO|Chocó|Department
CO|COR|Córdoba|Department
CO|CUN|Cundinamarca|Department
CO|DC|Distrito Capital de Santa Fe de Bogotá|Capital District
CO|GUA|Guainía|Department
CO|GUV|Guaviare|Department
CO|HUI|Huila|Department
CO|LAG|La Guajira|Department
CO|MAG|Magdalena|Department
CO|MET|Meta|Department
CO|NAR|Nariño|Department
CO|NSA|Norte de Santander|Department
CO|PUT|Putumayo|Department
CO|QUI|Quindío|Department
CO|RIS|Risaralda|Department
CO|SAN|Santander|Department
CO|SAP|San Andrés, Providencia y Santa Catalina|Department
CO|SUC|Sucre|Department
CO|TOL|Tolima|Department
CO|VAC|Valle del Cauca|Department
CO|VAU|Vaupés|Department
CO|VID|Vichada|Department
CR|A|Alajuela|
CR|C|Cartago|
CR|G|Guanacaste|
CR|H|Heredia|
CR|L|Limón|
CR|P|Puntarenas|
CR|SJ|San José|
CS|CG|Crna Gora|Republic
CS|KM|Kosovo-Metohija|Autonomous Province
CS|SR|Srbija|Republic
CS|VO|Vojvodina|Autonomous Province
CU|01|Pinar del Río|Province
CU|02|La Habana|Province
CU|03|Ciudad de La Habana|Province
CU|04|Matanzas|Province
CU|05|Villa Clara|Province
CU|06|Cienfuegos|Province
CU|07|Sancti Spíritus|Province
CU|08|Ciego de Ávila|Province
CU|09|Camagüey|Province
CU|10|Las Tunas|Province
CU|11|Holguín|Province
CU|12|Granma|Province
CU|13|Santiago de Cuba|Province
CU|14|Guantánamo|Province
CU|99|Isla de la Juventud|Special Municipality
CV|BR|Brava|
CV|BV|Boa Vista|
CV|CA|Santa Catarina|
CV|CR|Santa Cruz|
CV|CS|Calheta de São Miguel|
CV|MA|Maio|
CV|MO|Mosteiros|
CV|PA|Paúl|
CV|PN|Porto Novo|
CV|PR|Praia|
CV|RG|Ribeira Grande|
CV|SD|São Domingos|
CV|SF|São Filipe|
CV|SL|Sal|
CV|SN|São Nicolau|
CV|SV|São Vicente|
CV|TA|Tarrafal|
CX|||
CY|01|Lefkosia|
CY|02|Lemesos|
CY|03|Larnaka|
CY|04|Ammochostos|
CY|05|Pafos|
CY|06|Keryneia|
CZ|JC|Jihoceský kraj|
CZ|JM|Jihomoravský kraj |
CZ|KA|Karlovarský kraj|
CZ|KR|Královéhradecký kraj|
CZ|LI|Liberecký kraj|
CZ|MO|Moravskoslezský kraj|
CZ|OL|Olomoucký kraj|
CZ|PA|Pardubický kraj|
CZ|PL|Plzenský kraj|
CZ|PR|Praha, hlavní mesto|
CZ|ST|Stredoceský kraj|
CZ|US|Ústecký kraj |
CZ|VY|Vysocina|
CZ|ZL|Zlínský kraj|
DE|BB|Brandenburg|
DE|BE|Berlin|
DE|BW|Baden-Württemberg|
DE|BY|Bayern|
DE|HB|Bremen|
DE|HE|Hessen|
DE|HH|Hamburg|
DE|MV|Mecklenburg-Vorpommern|
DE|NI|Niedersachsen|
DE|NW|Nordrhein-Westfalen|
DE|RP|Rheinland-Pfalz|
DE|SH|Schleswig-Holstein|
DE|SL|Saarland|
DE|SN|Sachsen|
DE|ST|Sachsen-Anhalt|
DE|TH|Thüringen|
DJ|AS|Ali Sabieh|
DJ|DI|Dikhil|
DJ|DJ|Djibouti|
DJ|OB|Obock|
DJ|TA|Tadjoura|
DK|015|København|County
DK|020|Frederiksborg|County
DK|025|Roskilde|County
DK|030|Vestsjælland|County
DK|035|Storstrøm|County
DK|040|Bornholm|County
DK|042|Fyn|County
DK|050|Sønderjylland|County
DK|055|Ribe|County
DK|060|Vejle|County
DK|065|Ringkøbing|County
DK|070|Århus|County
DK|076|Viborg|County
DK|080|Nordjylland|County
DK|101|København|City
DK|147|Frederiksberg|City
DM|||
DO|01|Distrito Nacional (Santo Domingo)|District
DO|02|Azua|Province
DO|03|Bahoruco|Province
DO|04|Barahona|Province
DO|05|Dajabón|Province
DO|06|Duarte|Province
DO|07|La Estrelleta [Elías Piña]|Province
DO|08|El Seybo [El Seibo]|Province
DO|09|Espaillat|Province
DO|10|Independencia|Province
DO|11|La Altagracia|Province
DO|12|La Romana|Province
DO|13|La Vega|Province
DO|14|María Trinidad Sánchez|Province
DO|15|Monte Cristi|Province
DO|16|Pedernales|Province
DO|17|Peravia|Province
DO|18|Puerto Plata|Province
DO|19|Salcedo|Province
DO|20|Samaná|Province
DO|21|San Cristóbal|Province
DO|22|San Juan|Province
DO|23|San Pedro de Macorís|Province
DO|24|Sánchez Ramírez|Province
DO|25|Santiago|Province
DO|26|Santiago Rodríguez|Province
DO|27|Valverde|Province
DO|28|Monseñor Nouel|Province
DO|29|Monte Plata|Province
DO|30|Hato Mayor|Province
DZ|01|Adrar|
DZ|02|Chlef|
DZ|03|Laghouat|
DZ|04|Oum el Bouaghi|
DZ|05|Batna|
DZ|06|Béjaïa|
DZ|07|Biskra|
DZ|08|Béchar|
DZ|09|Blida|
DZ|10|Bouira|
DZ|11|Tamanghasset|
DZ|12|Tébessa|
DZ|13|Tlemcen|
DZ|14|Tiaret|
DZ|15|Tizi Ouzou|
DZ|16|Alger|
DZ|17|Djelfa|
DZ|18|Jijel|
DZ|19|Sétif|
DZ|20|Saïda|
DZ|21|Skikda|
DZ|22|Sidi Bel Abbès|
DZ|23|Annaba|
DZ|24|Guelma|
DZ|25|Constantine|
DZ|26|Médéa|
DZ|27|Mostaganem|
DZ|28|Msila|
DZ|29|Mascara|
DZ|30|Ouargla|
DZ|31|Oran|
DZ|32|El Bayadh|
DZ|33|Illizi|
DZ|34|Bordj Bou Arréridj|
DZ|35|Boumerdès|
DZ|36|El Tarf|
DZ|37|Tindouf|
DZ|38|Tissemsilt|
DZ|39|El Oued|
DZ|40|Khenchela|
DZ|41|Souk Ahras|
DZ|42|Tipaza|
DZ|43|Mila|
DZ|44|Aïn Defla|
DZ|45|Naama|
DZ|46|Aïn Témouchent|
DZ|47|Ghardaïa|
DZ|48|Relizane|
EC|A|Azuay|
EC|B|Bolívar|
EC|C|Carchi|
EC|D|Orellana|
EC|E|Esmeraldas|
EC|F|Cañar|
EC|G|Guayas|
EC|H|Chimborazo|
EC|I|Imbabura|
EC|L|Loja|
EC|M|Manabí|
EC|N|Napo|
EC|O|El Oro|
EC|P|Pichincha|
EC|R|Los Ríos|
EC|S|Morona-Santiago|
EC|T|Tungurahua|
EC|U|Sucumbíos|
EC|W|Galápagos|
EC|X|Cotopaxi|
EC|Y|Pastaza|
EC|Z|Zamora-Chinchipe|
EE|37|Harjumaa|
EE|39|Hiiumaa|
EE|44|Ida-Virumaa|
EE|49|Jõgevamaa|
EE|51|Järvamaa|
EE|57|Läänemaa|
EE|59|Lääne-Virumaa|
EE|65|Põlvamaa|
EE|67|Pärnumaa|
EE|70|Raplamaa|
EE|74|Saaremaa|
EE|78|Tartumaa|
EE|82|Valgamaa|
EE|84|Viljandimaa|
EE|86|Võrumaa|
EG|ALX|Al Iskandariyah|
EG|ASN|Aswan|
EG|AST|Asyut|
EG|BA|Al Bahr al Ahmar|
EG|BH|Al Buhayrah|
EG|BNS|Bani Suwayf|
EG|C|Al Qahirah|
EG|DK|Ad Daqahliyah|
EG|DT|Dumyat|
EG|FYM|Al Fayyum|
EG|GH|Al Gharbiyah|
EG|GZ|Al Jizah|
EG|IS|Al Ismahiliyah|
EG|JS|Janub Sina'|
EG|KB|Al Qalyubiyah|
EG|KFS|Kafr ash Shaykh|
EG|KN|Qina|
EG|MN|Al Minya|
EG|MNF|Al Minufiyah|
EG|MT|Matruh|
EG|PTS|Bur Sahid|
EG|SHG|Suhaj|
EG|SHR|Ash Sharqiyah|
EG|SIN|Shamal Sina'|
EG|SUZ|As Suways|
EG|WAD|Al Wadi al Jadid|
EH|||
ER|AN|Anseba|
ER|DK|Debubawi Keyih Bahri [Debub-Keih-Bahri]|
ER|DU|Debub|
ER|GB|Gash-Barka|
ER|MA|Maakel [Maekel]|
ER|SK|Semenawi Keyih Bahri [Semien-Keih-Bahri]|
ES|A|Alicante|Province
ES|AB|Albacete|Province
ES|AL|Almería|Province
ES|AV|Ávila|Province
ES|B|Barcelona|Province
ES|BA|Badajoz|Province
ES|BI|Vizcaya|Province
ES|BU|Burgos|Province
ES|C|A Coruña|Province
ES|CA|Cádiz|Province
ES|CC|Cáceres|Province
ES|CE|Ceuta|Autonomous City In North Africa
ES|CO|Córdoba|Province
ES|CR|Ciudad Real|Province
ES|CS|Castellón|Province
ES|CU|Cuenca|Province
ES|GC|Las Palmas|Province
ES|GI|Girona|Province
ES|GR|Granada|Province
ES|GU|Guadalajara|Province
ES|H|Huelva|Province
ES|HU|Huesca|Province
ES|J|Jaén|Province
ES|L|Lleida|Province
ES|LE|León|Province
ES|LO|La Rioja|Province
ES|LU|Lugo|Province
ES|M|Madrid|Province
ES|MA|Málaga|Province
ES|ML|Melilla|Autonomous City In North Africa
ES|MU|Murcia|Province
ES|NA|Navarra|Province
ES|O|Asturias|Province
ES|OR|Ourense|Province
ES|P|Palencia|Province
ES|PM|Baleares|Province
ES|PO|Pontevedra|Province
ES|S|Cantabria|Province
ES|SA|Salamanca|Province
ES|SE|Sevilla|Province
ES|SG|Segovia|Province
ES|SO|Soria|Province
ES|SS|Guipúzcoa|Province
ES|T|Tarragona|Province
ES|TE|Teruel|Province
ES|TF|Santa Cruz de Tenerife|Province
ES|TO|Toledo|Province
ES|V|Valencia|Province
ES|VA|Valladolid|Province
ES|VI|Álava|Province
ES|Z|Zaragoza|Province
ES|ZA|Zamora|Province
ET|AA|Adis Abeba|Administration
ET|AF|Afar|State
ET|AM|Amara|State
ET|BE|Binshangul Gumuz|State
ET|DD|Dire Dawa|Administration
ET|GA|Gambela Hizboch|State
ET|HA|Hareri Hizb|State
ET|OR|Oromiya|State
ET|SN|YeDebub Biheroch Bihereseboch na Hizboch|State
ET|SO|Sumale|State
ET|TI|Tigray|State
FI|AL|Ahvenanmaan lääni|
FI|ES|Etelä-Suomen lääni|
FI|IS|Itä-Suomen lääni|
FI|LL|Lapin lääni|
FI|LS|Länsi-Suomen lääni|
FI|OL|Oulun lääni|
FJ|C|Central|Division
FJ|E|Eastern|Division
FJ|N|Northern|Division
FJ|R|Rotuma|Dependency
FJ|W|Western|Division
FK|||
FM|KSA|Kosrae|
FM|PNI|Pohnpei|
FM|TRK|Chuuk|
FM|YAP|Yap|
FO|||
FR|01|Ain|Metropolitan Department
FR|02|Aisne|Metropolitan Department
FR|03|Allier|Metropolitan Department
FR|04|Alpes-de-Haute-Provence|Metropolitan Department
FR|05|Hautes-Alpes|Metropolitan Department
FR|06|Alpes-Maritimes|Metropolitan Department
FR|07|Ardèche|Metropolitan Department
FR|08|Ardennes|Metropolitan Department
FR|09|Ariège|Metropolitan Department
FR|10|Aube|Metropolitan Department
FR|11|Aude|Metropolitan Department
FR|12|Aveyron|Metropolitan Department
FR|13|Bouches-du-Rhône|Metropolitan Department
FR|14|Calvados|Metropolitan Department
FR|15|Cantal|Metropolitan Department
FR|16|Charente|Metropolitan Department
FR|17|Charente-Maritime|Metropolitan Department
FR|18|Cher|Metropolitan Department
FR|19|Corrèze|Metropolitan Department
FR|21|Côte-d'Or|Metropolitan Department
FR|22|Côtes-d'Armor|Metropolitan Department
FR|23|Creuse|Metropolitan Department
FR|24|Dordogne|Metropolitan Department
FR|25|Doubs|Metropolitan Department
FR|26|Drôme|Metropolitan Department
FR|27|Eure|Metropolitan Department
FR|28|Eure-et-Loir|Metropolitan Department
FR|29|Finistère|Metropolitan Department
FR|2A|Corse-du-Sud|Metropolitan Department
FR|2B|Haute-Corse|Metropolitan Department
FR|30|Gard|Metropolitan Department
FR|31|Haute-Garonne|Metropolitan Department
FR|32|Gers|Metropolitan Department
FR|33|Gironde|Metropolitan Department
FR|34|Hérault|Metropolitan Department
FR|35|Ille-et-Vilaine|Metropolitan Department
FR|36|Indre|Metropolitan Department
FR|37|Indre-et-Loire|Metropolitan Department
FR|38|Isère|Metropolitan Department
FR|39|Jura|Metropolitan Department
FR|40|Landes|Metropolitan Department
FR|41|Loir-et-Cher|Metropolitan Department
FR|42|Loire|Metropolitan Department
FR|43|Haute-Loire|Metropolitan Department
FR|44|Loire-Atlantique|Metropolitan Department
FR|45|Loiret|Metropolitan Department
FR|46|Lot|Metropolitan Department
FR|47|Lot-et-Garonne|Metropolitan Department
FR|48|Lozère|Metropolitan Department
FR|49|Maine-et-Loire|Metropolitan Department
FR|50|Manche|Metropolitan Department
FR|51|Marne|Metropolitan Department
FR|52|Haute-Marne|Metropolitan Department
FR|53|Mayenne|Metropolitan Department
FR|54|Meurthe-et-Moselle|Metropolitan Department
FR|55|Meuse|Metropolitan Department
FR|56|Morbihan|Metropolitan Department
FR|57|Moselle|Metropolitan Department
FR|58|Nièvre|Metropolitan Department
FR|59|Nord|Metropolitan Department
FR|60|Oise|Metropolitan Department
FR|61|Orne|Metropolitan Department
FR|62|Pas-de-Calais|Metropolitan Department
FR|63|Puy-de-Dôme|Metropolitan Department
FR|64|Pyrénées-Atlantiques|Metropolitan Department
FR|65|Hautes-Pyrénées|Metropolitan Department
FR|66|Pyrénées-Orientales|Metropolitan Department
FR|67|Bas-Rhin|Metropolitan Department
FR|68|Haut-Rhin|Metropolitan Department
FR|69|Rhône|Metropolitan Department
FR|70|Haute-Saône|Metropolitan Department
FR|71|Saône-et-Loire|Metropolitan Department
FR|72|Sarthe|Metropolitan Department
FR|73|Savoie|Metropolitan Department
FR|74|Haute-Savoie|Metropolitan Department
FR|75|Paris|Metropolitan Department
FR|76|Seine-Maritime|Metropolitan Department
FR|77|Seine-et-Marne|Metropolitan Department
FR|78|Yvelines|Metropolitan Department
FR|79|Deux-Sèvres|Metropolitan Department
FR|80|Somme|Metropolitan Department
FR|81|Tarn|Metropolitan Department
FR|82|Tarn-et-Garonne|Metropolitan Department
FR|83|Var|Metropolitan Department
FR|84|Vaucluse|Metropolitan Department
FR|85|Vendée|Metropolitan Department
FR|86|Vienne|Metropolitan Department
FR|87|Haute-Vienne|Metropolitan Department
FR|88|Vosges|Metropolitan Department
FR|89|Yonne|Metropolitan Department
FR|90|Territoire de Belfort|Metropolitan Department
FR|91|Essonne|Metropolitan Department
FR|92|Hauts-de-Seine|Metropolitan Department
FR|93|Seine-Saint-Denis|Metropolitan Department
FR|94|Val-de-Marne|Metropolitan Department
FR|95|Val-d'Oise|Metropolitan Department
FR|NC|Nouvelle-Calédonie (see also separate entry under NC)|Overseas Territory
FR|PF|Polynésie française (see also separate entry under PF)|Overseas Territory
FR|PM|Saint-Pierre-et-Miquelon (see also separate entry under PM)|Territorial Collectivity
FR|TF|Terres Australes Françaises (see also separate entry under TF)|Overseas Territory
FR|WF|Wallis et Futuna (see also separate entry under WF)|Overseas Territory
FR|YT|Mayotte (see also separate entry under YT)|Territorial Collectivity
GA|1|Estuaire|
GA|2|Haut-Ogooué|
GA|3|Moyen-Ogooué|
GA|4|Ngounié|
GA|5|Nyanga|
GA|6|Ogooué-Ivindo|
GA|7|Ogooué-Lolo|
GA|8|Ogooué-Maritime|
GA|9|Woleu-Ntem|
GB|ABD|Aberdeenshire|
GB|ABE|Aberdeen City|
GB|AGB|Argyll and Bute|
GB|AGY|Isle of Anglesey [Sir Ynys Môn GB-YNM]|
GB|ANS|Angus|
GB|ANT|Antrim|
GB|ARD|Ards|
GB|ARM|Armagh|
GB|BAS|Bath and North East Somerset|
GB|BBD|Blackburn with Darwen|
GB|BDF|Bedfordshire|
GB|BDG|Barking and Dagenham|
GB|BEN|Brent|
GB|BEX|Bexley|
GB|BFS|Belfast|
GB|BGE|Bridgend [Pen-y-bont ar Ogwr GB-POG]|
GB|BGW|Blaenau Gwent|
GB|BIR|Birmingham|
GB|BKM|Buckinghamshire|
GB|BLA|Ballymena|
GB|BLY|Ballymoney|
GB|BMH|Bournemouth|
GB|BNB|Banbridge|
GB|BNE|Barnet|
GB|BNH|Brighton and Hove|
GB|BNS|Barnsley|
GB|BOL|Bolton|
GB|BPL|Blackpool|
GB|BRC|Bracknell Forest|
GB|BRD|Bradford|
GB|BRY|Bromley|
GB|BST|Bristol, City of|
GB|BUR|Bury|
GB|CAM|Cambridgeshire|
GB|CAY|Caerphilly [Caerffili GB-CAF]|
GB|CGN|Ceredigion [Sir Ceredigion]|
GB|CGV|Craigavon|
GB|CHS|Cheshire|
GB|CKF|Carrickfergus|
GB|CKT|Cookstown|
GB|CLD|Calderdale|
GB|CLK|Clackmannanshire|
GB|CLR|Coleraine|
GB|CMA|Cumbria|
GB|CMD|Camden|
GB|CMN|Carmarthenshire [Sir Gaerfyrddin GB-GFY]|
GB|CON|Cornwall|
GB|COV|Coventry|
GB|CRF|Cardiff [Caerdydd GB-CRD]|
GB|CRY|Croydon|
GB|CSR|Castlereagh|
GB|CWY|Conwy|
GB|DAL|Darlington|
GB|DBY|Derbyshire|
GB|DEN|Denbighshire [Sir Ddinbych GB-DDB]|
GB|DER|Derby|
GB|DEV|Devon|
GB|DGN|Dungannon|
GB|DGY|Dumfries and Galloway|
GB|DNC|Doncaster|
GB|DND|Dundee City|
GB|DOR|Dorset|
GB|DOW|Down|
GB|DRY|Derry|
GB|DUD|Dudley|
GB|DUR|Durham|
GB|EAL|Ealing|
GB|EAY|East Ayrshire|
GB|EDH|Edinburgh, City of|
GB|EDU|East Dunbartonshire|
GB|ELN|East Lothian|
GB|ELS|Eilean Siar|
GB|ENF|Enfield|
GB|ERW|East Renfrewshire|
GB|ERY|East Riding of Yorkshire|
GB|ESS|Essex|
GB|ESX|East Sussex|
GB|FAL|Falkirk|
GB|FER|Fermanagh|
GB|FIF|Fife|
GB|FLN|Flintshire [Sir y Fflint GB-FFL]|
GB|GAT|Gateshead|
GB|GLG|Glasgow City|
GB|GLS|Gloucestershire|
GB|GRE|Greenwich|
GB|GSY|Guernsey [Guernesey]|
GB|GWN|Gwynedd|
GB|HAL|Halton|
GB|HAM|Hampshire|
GB|HAV|Havering|
GB|HCK|Hackney|
GB|HEF|Herefordshire, County of|
GB|HIL|Hillingdon|
GB|HLD|Highland|
GB|HMF|Hammersmith and Fulham|
GB|HNS|Hounslow|
GB|HPL|Hartlepool|
GB|HRT|Hertfordshire|
GB|HRW|Harrow|
GB|HRY|Haringey|
GB|IOS|Isles of Scilly|
GB|IOW|Isle of Wight|
GB|ISL|Islington|
GB|IVC|Inverclyde|
GB|JSY|Jersey|
GB|KEC|Kensington and Chelsea|
GB|KEN|Kent|
GB|KHL|Kingston upon Hull, City of|
GB|KIR|Kirklees|
GB|KTT|Kingston upon Thames|
GB|KWL|Knowsley|
GB|LAN|Lancashire|
GB|LBH|Lambeth|
GB|LCE|Leicester|
GB|LDS|Leeds|
GB|LEC|Leicestershire|
GB|LEW|Lewisham|
GB|LIN|Lincolnshire|
GB|LIV|Liverpool|
GB|LMV|Limavady|
GB|LND|London, City of|
GB|LRN|Larne|
GB|LSB|Lisburn|
GB|LUT|Luton|
GB|MAN|Manchester|
GB|MDB|Middlesbrough|
GB|MDW|Medway|
GB|MFT|Magherafelt|
GB|MIK|Milton Keynes|
GB|MLN|Midlothian|
GB|MON|Monmouthshire [Sir Fynwy GB-FYN]|
GB|MRT|Merton|
GB|MRY|Moray|
GB|MTY|Merthyr Tydfil [Merthyr Tudful GB-MTU]|
GB|MYL|Moyle|
GB|NAY|North Ayrshire|
GB|NBL|Northumberland|
GB|NDN|North Down|
GB|NEL|North East Lincolnshire|
GB|NET|Newcastle upon Tyne|
GB|NFK|Norfolk|
GB|NGM|Nottingham|
GB|NLK|North Lanarkshire|
GB|NLN|North Lincolnshire|
GB|NSM|North Somerset|
GB|NTA|Newtownabbey|
GB|NTH|Northamptonshire|
GB|NTL|Neath Port Talbot [Castell-nedd Port Talbot GB-CTL]|
GB|NTT|Nottinghamshire|
GB|NTY|North Tyneside|
GB|NWM|Newham|
GB|NWP|Newport [Casnewydd GB-CNW]|
GB|NYK|North Yorkshire|
GB|NYM|Newry and Mourne|
GB|OLD|Oldham|
GB|OMH|Omagh|
GB|ORK|Orkney Islands|
GB|OXF|Oxfordshire|
GB|PEM|Pembrokeshire [Sir Benfro GB-BNF]|
GB|PKN|Perth and Kinross|
GB|PLY|Plymouth|
GB|POL|Poole|
GB|POR|Portsmouth|
GB|POW|Powys|
GB|PTE|Peterborough|
GB|RCC|Redcar and Cleveland|
GB|RCH|Rochdale|
GB|RCT|Rhondda, Cynon, Taff [Rhondda, Cynon,Taf]|
GB|RDB|Redbridge|
GB|RDG|Reading|
GB|RFW|Renfrewshire|
GB|RIC|Richmond upon Thames|
GB|ROT|Rotherham|
GB|RUT|Rutland|
GB|SAW|Sandwell|
GB|SAY|South Ayrshire|
GB|SCB|Scottish Borders, The|
GB|SFK|Suffolk|
GB|SFT|Sefton|
GB|SGC|South Gloucestershire|
GB|SHF|Sheffield|
GB|SHN|St. Helens|
GB|SHR|Shropshire|
GB|SKP|Stockport|
GB|SLF|Salford|
GB|SLG|Slough|
GB|SLK|South Lanarkshire|
GB|SND|Sunderland|
GB|SOL|Solihull|
GB|SOM|Somerset|
GB|SOS|Southend-on-Sea|
GB|SRY|Surrey|
GB|STB|Strabane|
GB|STE|Stoke-on-Trent|
GB|STG|Stirling|
GB|STH|Southampton|
GB|STN|Sutton|
GB|STS|Staffordshire|
GB|STT|Stockton-on-Tees|
GB|STY|South Tyneside|
GB|SWA|Swansea [Abertawe GB-ATA]|
GB|SWD|Swindon|
GB|SWK|Southwark|
GB|TAM|Tameside|
GB|TFW|Telford and Wrekin|
GB|THR|Thurrock|
GB|TOB|Torbay|
GB|TOF|Torfaen [Tor-faen]|
GB|TRF|Trafford|
GB|TWH|Tower Hamlets|
GB|VGL|Vale of Glamorgan, The [Bro Morgannwg GB-BMG]|
GB|WAR|Warwickshire|
GB|WBK|West Berkshire|
GB|WDU|West Dunbartonshire|
GB|WFT|Waltham Forest|
GB|WGN|Wigan|
GB|WIL|Wiltshire|
GB|WKF|Wakefield|
GB|WLL|Walsall|
GB|WLN|West Lothian|
GB|WLV|Wolverhampton|
GB|WND|Wandsworth|
GB|WNM|Windsor and Maidenhead|
GB|WOK|Wokingham|
GB|WOR|Worcestershire|
GB|WRL|Wirral|
GB|WRT|Warrington|
GB|WRX|Wrexham [Wrecsam GB-WRC]|
GB|WSM|Westminster|
GB|WSX|West Sussex|
GB|YOR|York|
GB|ZET|Shetland Islands|
GD|AN|Saint Andrew|
GD|CA|Carriacou|
GD|DA|Saint David|
GD|GE|Saint George|
GD|JO|Saint John|
GD|MA|Saint Mark|
GD|PA|Saint Patrick|
GE|AB|Abkhazia|Autonomous Republic
GE|AJ|Ajaria|Autonomous Republic
GE|GU|Guria|Region
GE|IM|Imereti|Region
GE|KA|Kakheti|Region
GE|KK|Kvemo Kartli|Region
GE|MM|Mtskheta-Mtianeti|Region
GE|RL|Racha-Lechkhumi [and] Kvemo Svaneti|Region
GE|SJ|Samtskhe-Javakheti|Region
GE|SK|Shida Kartli|Region
GE|SZ|Samegrelo-Zemo Svaneti|Region
GE|TB|Tbilisi|City
GF|||
GH|AA|Greater Accra|
GH|AH|Ashanti|
GH|BA|Brong-Ahafo|
GH|CP|Central|
GH|EP|Eastern|
GH|NP|Northern|
GH|TV|Volta|
GH|UE|Upper East|
GH|UW|Upper West|
GH|WP|Western|
GI|||
GL|||
GM|B|Banjul|City
GM|L|Lower River|Division
GM|M|MacCarthy Island|Division
GM|N|North Bank|Division
GM|U|Upper River|Division
GM|W|Western|Division
GN|BE|Beyla|
GN|BF|Boffa|
GN|BK|Boké|
GN|CO|Coyah|
GN|DB|Dabola|
GN|DI|Dinguiraye|
GN|DL|Dalaba|
GN|DU|Dubréka|
GN|FA|Faranah|
GN|FO|Forécariah|
GN|FR|Fria|
GN|GA|Gaoual|
GN|GU|Guékédou|
GN|KA|Kankan|
GN|KB|Koubia|
GN|KD|Kindia|
GN|KE|Kérouané|
GN|KN|Koundara|
GN|KO|Kouroussa|
GN|KS|Kissidougou|
GN|LA|Labé|
GN|LE|Lélouma|
GN|LO|Lola|
GN|MC|Macenta|
GN|MD|Mandiana|
GN|ML|Mali|
GN|MM|Mamou|
GN|NZ|Nzérékoré|
GN|PI|Pita|
GN|SI|Siguiri|
GN|TE|Télimélé|
GN|TO|Tougué|
GN|YO|Yomou|
GP|||
GQ|AN|Annobón|Province
GQ|BN|Bioko Norte|Province
GQ|BS|Bioko Sur|Province
GQ|C|Región Continental|Region
GQ|CS|Centro Sur|Province
GQ|I|Región Insular|Region
GQ|KN|Kie-Ntem|Province
GQ|LI|Litoral|Province
GQ|WN|Wele-Nzás|Province
GR|01|Aitolia-Akarnania|Department
GR|03|Voiotia|Department
GR|04|Evvoia|Department
GR|05|Evrytania|Department
GR|06|Fthiotis|Department
GR|07|Fokis|Department
GR|11|Argolis|Department
GR|12|Arkadia|Department
GR|13|Achaïa|Department
GR|14|Ileia|Department
GR|15|Korinthia|Department
GR|16|Lakonia|Department
GR|17|Messinia|Department
GR|21|Zakynthos|Department
GR|22|Kerkyra|Department
GR|23|Kefallinia|Department
GR|24|Lefkas|Department
GR|31|Arta|Department
GR|32|Thesprotia|Department
GR|33|Ioannina|Department
GR|34|Preveza|Department
GR|41|Karditsa|Department
GR|42|Larisa|Department
GR|43|Magnisia|Department
GR|44|Trikala|Department
GR|51|Grevena|Department
GR|52|Drama|Department
GR|53|Imathia|Department
GR|54|Thessaloniki|Department
GR|55|Kavalla|Department
GR|56|Kastoria|Department
GR|57|Kilkis|Department
GR|58|Kozani|Department
GR|59|Pella|Department
GR|61|Pieria|Department
GR|62|Serrai|Department
GR|63|Florina|Department
GR|64|Chalkidiki|Department
GR|69|Agio Oros|Self-governed Part
GR|71|Evros|Department
GR|72|Xanthi|Department
GR|73|Rodopi|Department
GR|81|Dodekanisos|Department
GR|82|Kyklades|Department
GR|83|Lesvos|Department
GR|84|Samos|Department
GR|85|Chios|Department
GR|91|Irakleion|Department
GR|92|Lasithion|Department
GR|93|Rethymnon|Department
GR|94|Chania|Department
GR|A1|Attiki|Department
GS|||
GT|AV|Alta Verapaz|
GT|BV|Baja Verapaz|
GT|CM|Chimaltenango|
GT|CQ|Chiquimula|
GT|ES|Escuintla|
GT|GU|Guatemala|
GT|HU|Huehuetenango|
GT|IZ|Izabal|
GT|JA|Jalapa|
GT|JU|Jutiapa|
GT|PE|Petén|
GT|PR|El Progreso|
GT|QC|Quiché|
GT|QZ|Quetzaltenango|
GT|RE|Retalhuleu|
GT|SA|Sacatepéquez|
GT|SM|San Marcos|
GT|SO|Sololá|
GT|SR|Santa Rosa|
GT|SU|Suchitepéquez|
GT|TO|Totonicapán|
GT|ZA|Zacapa|
GU|||
GW|BA|Bafatá|Region
GW|BL|Bolama|Region
GW|BM|Biombo|Region
GW|BS|Bissau|Autonomous Sector
GW|CA|Cacheu|Region
GW|GA|Gabú|Region
GW|OI|Oio|Region
GW|QU|Quinara|Region
GW|TO|Tombali|Region
GY|BA|Barima-Waini|
GY|CU|Cuyuni-Mazaruni|
GY|DE|Demerara-Mahaica|
GY|EB|East Berbice-Corentyne|
GY|ES|Essequibo Islands-West Demerara|
GY|MA|Mahaica-Berbice|
GY|PM|Pomeroon-Supenaam|
GY|PT|Potaro-Siparuni|
GY|UD|Upper Demerara-Berbice|
GY|UT|Upper Takutu-Upper Essequibo|
HM|||
HN|AT|Atlántida|
HN|CH|Choluteca|
HN|CL|Colón|
HN|CM|Comayagua|
HN|CP|Copán|
HN|CR|Cortés|
HN|EP|El Paraíso|
HN|FM|Francisco Morazán|
HN|GD|Gracias a Dios|
HN|IB|Islas de la Bahía|
HN|IN|Intibucá|
HN|LE|Lempira|
HN|LP|La Paz|
HN|OC|Ocotepeque|
HN|OL|Olancho|
HN|SB|Santa Bárbara|
HN|VA|Valle|
HN|YO|Yoro|
HR|01|Zagrebacka županija|County
HR|02|Krapinsko-zagorska županija|County
HR|03|Sisacko-moslavacka županija|County
HR|04|Karlovacka županija|County
HR|05|Varaždinska županija|County
HR|06|Koprivnicko-križevacka županija|County
HR|07|Bjelovarsko-bilogorska županija|County
HR|08|Primorsko-goranska županija|County
HR|09|Licko-senjska županija|County
HR|10|Viroviticko-podravska županija|County
HR|11|Požeško-slavonska županija|County
HR|12|Brodsko-posavska županija|County
HR|13|Zadarska županija|County
HR|14|Osjecko-baranjska županija|County
HR|15|Šibensko-kninska županija|County
HR|16|Vukovarsko-srijemska županija|County
HR|17|Splitsko-dalmatinska županija|County
HR|18|Istarska županija|County
HR|19|Dubrovacko-neretvanska županija|County
HR|20|Medimurska županija|County
HR|21|Grad Zagreb|City
HT|AR|Artibonite|
HT|CE|Centre|
HT|GA|Grande-Anse|
HT|ND|Nord|
HT|NE|Nord-Est|
HT|NO|Nord-Ouest|
HT|OU|Ouest|
HT|SD|Sud|
HT|SE|Sud-Est|
HU|BA|Baranya|County
HU|BC|Békéscsaba|City Of County Right
HU|BE|Békés|County
HU|BK|Bács-Kiskun|County
HU|BU|Budapest|Capital City
HU|BZ|Borsod-Abaúj-Zemplén|County
HU|CS|Csongrád|County
HU|DE|Debrecen|City Of County Right
HU|DU|Dunaújváros|City Of County Right
HU|EG|Eger|City Of County Right
HU|FE|Fejér|County
HU|GS|Gyor-Moson-Sopron|County
HU|GY|Gyor|City Of County Right
HU|HB|Hajdú-Bihar|County
HU|HE|Heves|County
HU|HV|Hódmezovásárhely|City Of County Right
HU|JN|Jász-Nagykun-Szolnok|County
HU|KE|Komárom-Esztergom|County
HU|KM|Kecskemét|City Of County Right
HU|KV|Kaposvár|City Of County Right
HU|MI|Miskolc|City Of County Right
HU|NK|Nagykanizsa|City Of County Right
HU|NO|Nógrád|County
HU|NY|Nyíregyháza|City Of County Right
HU|PE|Pest|County
HU|PS|Pécs|City Of County Right
HU|SD|Szeged|City Of County Right
HU|SF|Székesfehérvár|City Of County Right
HU|SH|Szombathely|City Of County Right
HU|SK|Szolnok|City Of County Right
HU|SN|Sopron|City Of County Right
HU|SO|Somogy|County
HU|SS|Szekszárd|City Of County Right
HU|ST|Salgótarján|City Of County Right
HU|SZ|Szabolcs-Szatmár-Bereg|County
HU|TB|Tatabánya|City Of County Right
HU|TO|Tolna|County
HU|VA|Vas|County
HU|VE|Veszprém|County
HU|VM|Veszprém|City Of County Right
HU|ZA|Zala|County
HU|ZE|Zalaegerszeg|City Of County Right
ID|AC|Aceh|Special Region
ID|BA|Bali|Province
ID|BB|Bangka Belitung|Province
ID|BE|Bengkulu|Province
ID|BT|Banten|Province
ID|GO|Gorontalo|Province
ID|JA|Jambi|Province
ID|JB|Jawa Barat|Province
ID|JI|Jawa Timur|Province
ID|JK|Jakarta Raya|Special District
ID|JT|Jawa Tengah|Province
ID|KB|Kalimantan Barat|Province
ID|KI|Kalimantan Timur|Province
ID|KS|Kalimantan Selatan|Province
ID|KT|Kalimantan Tengah|Province
ID|LA|Lampung|Province
ID|MA|Maluku|Province
ID|MU|Maluku Utara|Province
ID|NB|Nusa Tenggara Barat|Province
ID|NT|Nusa Tenggara Timur|Province
ID|PA|Papua|Province
ID|RI|Riau|Province
ID|SA|Sulawesi Utara|Province
ID|SB|Sumatera Barat|Province
ID|SG|Sulawesi Tenggara|Province
ID|SN|Sulawesi Selatan|Province
ID|SS|Sumatera Selatan|Province
ID|ST|Sulawesi Tengah|Province
ID|SU|Sumatera Utara|Province
ID|YO|Yogyakarta|Special Region
IE|C|Cork|
IE|CE|Clare|
IE|CN|Cavan|
IE|CW|Carlow|
IE|D|Dublin|
IE|DL|Donegal|
IE|G|Galway|
IE|KE|Kildare|
IE|KK|Kilkenny|
IE|KY|Kerry|
IE|LD|Longford|
IE|LH|Louth|
IE|LK|Limerick|
IE|LM|Leitrim|
IE|LS|Laois|
IE|MH|Meath|
IE|MN|Monaghan|
IE|MO|Mayo|
IE|OY|Offaly|
IE|RN|Roscommon|
IE|SO|Sligo|
IE|TA|Tipperary|
IE|WD|Waterford|
IE|WH|Westmeath|
IE|WW|Wicklow|
IE|WX|Wexford|
IL|D|HaDarom|
IL|HA|Hefa|
IL|JM|Yerushalayim|
IL|M|HaMerkaz|
IL|TA|Tel-Aviv|
IL|Z|Ha Z_afon|
IN|AN|Andaman and Nicobar Islands|Union Territory
IN|AP|Andhra Pradesh|State
IN|AR|Arunachal Pradesh|State
IN|AS|Assam|State
IN|BR|Bihar|State
IN|CH|Chandigarh|Union Territory
IN|CT|Chhattisgarh|State
IN|DD|Daman and Diu|Union Territory
IN|DL|Delhi|Union Territory
IN|DN|Dadra and Nagar Haveli|Union Territory
IN|GA|Goa|State
IN|GJ|Gujarat|State
IN|HP|Himachal Pradesh|State
IN|HR|Haryana|State
IN|JH|Jharkhand|State
IN|JK|Jammu and Kashmir|State
IN|KA|Karnataka|State
IN|KL|Kerala|State
IN|LD|Lakshadweep|Union Territory
IN|MH|Maharashtra|State
IN|ML|Meghalaya|State
IN|MN|Manipur|State
IN|MP|Madhya Pradesh|State
IN|MZ|Mizoram|State
IN|NL|Nagaland|State
IN|OR|Orissa|State
IN|PB|Punjab|State
IN|PY|Pondicherry|Union Territory
IN|RJ|Rajasthan|State
IN|SK|Sikkim|State
IN|TN|Tamil Nadu|State
IN|TR|Tripura|State
IN|UL|Uttaranchal|State
IN|UP|Uttar Pradesh|State
IN|WB|West Bengal|State
IO|||
IQ|AN|Al Anbar|
IQ|AR|Arbil|
IQ|BA|Al Basrah|
IQ|BB|Babil|
IQ|BG|Baghdad|
IQ|DA|Dahuk|
IQ|DI|Diyalá|
IQ|DQ|Dhi Qar|
IQ|KA|Karbala'|
IQ|MA|Maysan|
IQ|MU|Al Muthanná|
IQ|NA|An Najaf|
IQ|NI|Ninawá|
IQ|QA|Al Qadisiyah|
IQ|SD|Salah ad Din|
IQ|SU|As Sulaymaniyah|
IQ|TS|At Ta'mim|
IQ|WA|Wasit|
IR|01|Az¯arbayjan-e Sharqi|
IR|02|Az¯arbayjan-e Gharbi|
IR|03|Ardabil|
IR|04|Esfahan|
IR|05|Ilam|
IR|06|Bushehr|
IR|07|Tehran|
IR|08|Chahar Mah¸all va Bakhtiari|
IR|09|Khorasan|
IR|10|Khuzestan|
IR|11|Zanjan|
IR|12|Semnan|
IR|13|Sistan va Baluchestan|
IR|14|Fars|
IR|15|Kerman|
IR|16|Kordestan|
IR|17|Kermanshah|
IR|18|Kohkiluyeh va Buyer Ahmad|
IR|19|Gilan|
IR|20|Lorestan|
IR|21|Mazandaran|
IR|22|Markazi|
IR|23|Hormozgan|
IR|24|Hamadan|
IR|25|Yazd|
IR|26|Qom|
IR|27|Golestan|
IR|28|Qazvin|
IS|0|Reykjavík|
IS|1|Höfuðborgarsvæði utan Reykjavíkur|
IS|2|Suðurnes|
IS|3|Vesturland|
IS|4|Vestfirðir|
IS|5|Norðurland vestra|
IS|6|Norðurland eystra|
IS|7|Austurland|
IS|8|Suðurland|
IT|AG|Agrigento|
IT|AL|Alessandria|
IT|AN|Ancona|
IT|AO|Aosta|
IT|AP|Ascoli Piceno|
IT|AQ|L'Aquila|
IT|AR|Arezzo|
IT|AT|Asti|
IT|AV|Avellino|
IT|BA|Bari|
IT|BG|Bergamo|
IT|BI|Biella|
IT|BL|Belluno|
IT|BN|Benevento|
IT|BO|Bologna|
IT|BR|Brindisi|
IT|BS|Brescia|
IT|BZ|Bolzano|
IT|CA|Cagliari|
IT|CB|Campobasso|
IT|CE|Caserta|
IT|CH|Chieti|
IT|CL|Caltanissetta|
IT|CN|Cuneo|
IT|CO|Como|
IT|CR|Cremona|
IT|CS|Cosenza|
IT|CT|Catania|
IT|CZ|Catanzaro|
IT|EN|Enna|
IT|FE|Ferrara|
IT|FG|Foggia|
IT|FI|Firenze|
IT|FO|Forlì|
IT|FR|Frosinone |
IT|GE|Genova|
IT|GO|Gorizia|
IT|GR|Grosseto|
IT|IM|Imperia|
IT|IS|Isernia|
IT|KR|Crotone|
IT|LC|Lecco|
IT|LE|Lecce|
IT|LI|Livorno|
IT|LO|Lodi|
IT|LT|Latina|
IT|LU|Lucca|
IT|MC|Macerata|
IT|ME|Messina|
IT|MI|Milano|
IT|MN|Mantova|
IT|MO|Modena|
IT|MS|Massa-Carrara|
IT|MT|Matera|
IT|NA|Napoli|
IT|NO|Novara|
IT|NU|Nuoro|
IT|OR|Oristano|
IT|PA|Palermo|
IT|PC|Piacenza|
IT|PD|Padova|
IT|PE|Pescara|
IT|PG|Perugia|
IT|PI|Pisa|
IT|PN|Pordenone|
IT|PO|Prato|
IT|PR|Parma|
IT|PS|Pesaro e Urbino|
IT|PT|Pistoia|
IT|PV|Pavia|
IT|PZ|Potenza|
IT|RA|Ravenna|
IT|RC|Reggio Calabria|
IT|RE|Reggio Emilia|
IT|RG|Ragusa|
IT|RI|Rieti|
IT|RM|Roma|
IT|RN|Rimini|
IT|RO|Rovigo|
IT|SA|Salerno|
IT|SI|Siena|
IT|SO|Sondrio|
IT|SP|La Spezia|
IT|SR|Siracusa|
IT|SS|Sassari|
IT|SV|Savona|
IT|TA|Taranto|
IT|TE|Teramo|
IT|TN|Trento|
IT|TO|Torino|
IT|TP|Trapani|
IT|TR|Terni|
IT|TS|Trieste|
IT|TV|Treviso|
IT|UD|Udine|
IT|VA|Varese|
IT|VB|Verbano-Cusio-Ossola|
IT|VC|Vercelli|
IT|VE|Venezia|
IT|VI|Vicenza|
IT|VR|Verona|
IT|VT|Viterbo|
IT|VV|Vibo Valentia|
JM|01|Kingston|
JM|02|Saint Andrew|
JM|03|Saint Thomas|
JM|04|Portland|
JM|05|Saint Mary|
JM|06|Saint Ann|
JM|07|Trelawny|
JM|08|Saint James|
JM|09|Hanover|
JM|10|Westmoreland|
JM|11|Saint Elizabeth|
JM|12|Manchester|
JM|13|Clarendon|
JM|14|Saint Catherine|
JO|AJ|Ajlun|
JO|AM|Amman|
JO|AQ|Al Aqaba|
JO|AT|At Tafilah|
JO|AZ|Az Zarqa'|
JO|BA|Al Balqa'|
JO|IR|Irbid|
JO|JA|Jarash|
JO|KA|Al Karak|
JO|MA|Al Mafraq|
JO|MD|Madaba|
JO|MN|Ma`an|
JP|01|Hokkaidô [Hokkaido]|
JP|02|Aomori|
JP|03|Iwate|
JP|04|Miyagi|
JP|05|Akita|
JP|06|Yamagata|
JP|07|Hukusima [Fukushima]|
JP|08|Ibaraki|
JP|09|Totigi [Tochigi]|
JP|10|Gunma|
JP|11|Saitama|
JP|12|Tiba [Chiba]|
JP|13|Tôkyô [Tokyo]|
JP|14|Kanagawa|
JP|15|Niigata|
JP|16|Toyama|
JP|17|Isikawa [Ishikawa]|
JP|18|Hukui [Fukui]|
JP|19|Yamanasi [Yamanashi]|
JP|20|Nagano|
JP|21|Gihu [Gifu]|
JP|22|Sizuoka [Shizuoka]|
JP|23|Aiti [Aichi]|
JP|24|Mie|
JP|25|Siga [Shiga]|
JP|26|Kyôto [Kyoto]|
JP|27|Ôsaka [Osaka]|
JP|28|Hyôgo [Hyogo]|
JP|29|Nara|
JP|30|Wakayama|
JP|31|Tottori|
JP|32|Simane [Shimane]|
JP|33|Okayama|
JP|34|Hirosima [Hiroshima]|
JP|35|Yamaguti [Yamaguchi]|
JP|36|Tokusima [Tokushima]|
JP|37|Kagawa|
JP|38|Ehime|
JP|39|Kôti [Kochi]|
JP|40|Hukuoka [Fukuoka]|
JP|41|Saga|
JP|42|Nagasaki|
JP|43|Kumamoto|
JP|44|Ôita [Oita]|
JP|45|Miyazaki|
JP|46|Kagosima [Kagoshima]|
JP|47|Okinawa|
KE|110|Nairobi Municipality|Municipality
KE|200|Central|Province
KE|300|Coast|Province
KE|400|Eastern|Province
KE|500|North-Eastern|Province
KE|600|Nyanza|Province
KE|700|Rift Valley|Province
KE|900|Western|Province
KG|B|Batken|Region
KG|C|Chü|Region
KG|GB|Bishkek|City
KG|J|Jalal-Abad|Region
KG|N|Naryn|Region
KG|O|Osh|Region
KG|T|Talas|Region
KG|Y|Ysyk-Köl|Region
KH|1|Banteay Mean Chey [Bântéay Méanchey]|Province
KH|10|Kracheh [Krâchéh]|Province
KH|11|Mondol Kiri [Môndól Kiri]|Province
KH|12|Phnom Penh [Phnum Pénh]|Autonomous Municipality
KH|13|Preah Vihear [Preah Vihéar]|Province
KH|14|Prey Veaeng [Prey Vêng]|Province
KH|15|Pousaat [Pouthisat]|Province
KH|16|Rotanak Kiri [Rôtânôkiri]|Province
KH|17|Siem Reab [Siemréab]|Province
KH|18|Krong Preah Sihanouk [Krong Preah Sihanouk]|Autonomous Municipality
KH|19|Stueng Traeng [Stœng Trêng]|Province
KH|2|Baat Dambang [Batdâmbâng]|Province
KH|20|Svaay Rieng [Svay Rieng]|Province
KH|21|Taakaev [Takêv]|Province
KH|22|Otdar Mean Chey [Otdâr Méanchey] |Province
KH|23|Krong Kaeb [Krong Kêb]|Autonomous Municipality
KH|24|Krong Pailin [Krong Pailin]|Autonomous Municipality
KH|3|Kampong Chaam [Kâmpóng Cham]|Province
KH|4|Kampong Chhnang [Kâmpóng Chhnang]|Province
KH|5|Kampong Spueu [Kâmpóng Spœ]|Province
KH|6|Kampong Thum [Kâmpóng Thum]|Province
KH|7|Kampot [Kâmpôt]|Province
KH|8|Kandaal [Kândal]|Province
KH|9|Kaoh Kong [Kaôh Kong]|Province
KI|G|Gilbert Islands|
KI|L|Line Islands|
KI|P|Phoenix Islands|
KM|A|Anjouan|
KM|G|Grande Comore|
KM|M|Mohéli|
KN|||
KP|CHA|Chagang-do|Province
KP|HAB|Hamgyongbuk-do|Province
KP|HAN|Hamgyongnam-do|Province
KP|HWB|Hwanghaebuk-do|Province
KP|HWN|Hwanghaenam-do|Province
KP|KAE|Kaesong-si|Special City
KP|KAN|Kangwon-do|Province
KP|NAJ|Najin Sonbong-si|Special City
KP|NAM|Nampo-si|Special City
KP|PYB|Pyonganbuk-do|Province
KP|PYN|Pyongannam-do|Province
KP|PYO|Pyongyang-si|Special City
KP|YAN|Yanggang-do|Province
KR|11|Seoul Teugbyeolsi [Seoul-T'ukpyolshi]|Capital Metropolitan City
KR|26|Busan Gwang'yeogsi [Pusan-Kwangyokshi]|Metropolitan City
KR|27|Daegu Gwang'yeogsi [Taegu-Kwangyokshi]|Metropolitan City
KR|28|Incheon Gwang'yeogsi [Inch'n-Kwangyokshi]|Metropolitan City
KR|29|Gwangju Gwang'yeogsi [Kwangju-Kwangyokshi]|Metropolitan City
KR|30|Daejeon Gwang'yeogsi [Taejon-Kwangyokshi]|Metropolitan City
KR|31|Ulsan Gwang'yeogsi [Ulsan-Kwangyokshi]|Metropolitan City
KR|41|Gyeonggido [Kyonggi-do]|Province
KR|42|Gang'weondo [Kang-won-do]|Province
KR|43|Chungcheongbugdo [Ch'ungch'ongbuk-do]|Province
KR|44|Chungcheongnamdo [Ch'ungch'ongnam-do]|Province
KR|45|Jeonrabugdo[Chollabuk-do]|Province
KR|46|Jeonranamdo [Chollanam-do]|Province
KR|47|Gyeongsangbugdo [Kyongsangbuk-do]|Province
KR|48|Gyeongsangnamdo [Kyongsangnam-do]|Province
KR|49|Jejudo [Cheju-do]|Province
KW|AH|Al Ahmadi|
KW|FA|Al Farwaniyah|
KW|HA|Hawalli|
KW|JA|Al Jahrah|
KW|KU|Al Kuwayt|
KY|||
KZ|AKM|Aqmola oblysy|Region
KZ|AKT|Aqtöbe oblysy|Region
KZ|ALA|Almaty|City
KZ|ALM|Almaty oblysy|Region
KZ|AST|Astana|City
KZ|ATY|Atyrau oblysy|Region
KZ|KAR|Qaraghandy oblysy|Region
KZ|KUS|Qostanay oblysy|Region
KZ|KZY|Qyzylorda oblysy|Region
KZ|MAN|Mangghystau oblysy|Region
KZ|PAV|Pavlodar oblysy|Region
KZ|SEV|Soltüstik Qazaqstan oblysy|Region
KZ|VOS|Shyghys Qazaqstan oblysy|Region
KZ|YUZ|Ongtüstik Qazaqstan oblysy|Region
KZ|ZAP|Batys Qazaqstan oblysy|Region
KZ|ZHA|Zhambyl oblysy|Region
LA|AT|Attapu [Attopeu]|Province
LA|BK|Bokèo|Province
LA|BL|Bolikhamxai [Borikhane]|Province
LA|CH|Champasak [Champassak]|Province
LA|HO|Houaphan|Province
LA|KH|Khammouan|Province
LA|LM|Louang Namtha|Province
LA|LP|Louangphabang [Louang Prabang]|Province
LA|OU|Oudômxai [Oudomsai]|Province
LA|PH|Phôngsali [Phong Saly]|Province
LA|SL|Salavan [Saravane]|Province
LA|SV|Savannakhét|Province
LA|VI|Vientiane|Province
LA|VT|Vientiane|Prefecture
LA|XA|Xaignabouli [Sayaboury]|Province
LA|XE|Xékong [Sékong]|Province
LA|XI|Xiangkhoang [Xieng Khouang]|Province
LA|XN|Xaisômboun|Special Zone
LB|AS|Loubnâne ech Chemâli|
LB|BA|Beiroût|
LB|BI|El Béqaa|
LB|JA|Loubnâne ej Jnoûbi|
LB|JL|Jabal Loubnâne|
LB|NA|Nabatîyé|
LC|||
LI|||
LK|11|Colombo|
LK|12|Gampaha|
LK|13|Kalutara|
LK|21|Kandy|
LK|22|Matale|
LK|23|Nuwara Eliya|
LK|31|Galle|
LK|32|Matara|
LK|33|Hambantota|
LK|41|Jaffna|
LK|42|Kilinochchi|
LK|43|Mannar|
LK|44|Vavuniya|
LK|45|Mullaittivu|
LK|51|Batticaloa|
LK|52|Ampara|
LK|53|Trincomalee|
LK|61|Kurunegala|
LK|62|Puttalam|
LK|71|Anuradhapura|
LK|72|Polonnaruwa|
LK|81|Badulla|
LK|82|Monaragala|
LK|91|Ratnapura|
LK|92|Kegalla|
LR|BG|Bong|
LR|BM|Bomi|
LR|CM|Grand Cape Mount|
LR|GB|Grand Bassa|
LR|GG|Grand Gedeh|
LR|GK|Grand Kru|
LR|LO|Lofa|
LR|MG|Margibi|
LR|MO|Montserrado|
LR|MY|Maryland|
LR|NI|Nimba|
LR|RI|Rivercess|
LR|SI|Sinoe|
LS|A|Maseru|
LS|B|Butha-Buthe|
LS|C|Leribe|
LS|D|Berea|
LS|E|Mafeteng|
LS|F|Mohale's Hoek|
LS|G|Quthing|
LS|H|Qacha's Nek|
LS|J|Mokhotlong|
LS|K|Thaba-Tseka|
LT|AL|Alytaus Apskritis|
LT|KL|Klaipedos Apskritis|
LT|KU|Kauno Apskritis|
LT|MR|Marijampoles Apskritis|
LT|PN|Panevežio Apskritis|
LT|SA|Šiauliu Apskritis|
LT|TA|Taurages Apskritis|
LT|TE|Telšiu Apskritis|
LT|UT|Utenos Apskritis|
LT|VL|Vilniaus Apskritis|
LU|D|Diekirch|
LU|G|Grevenmacher|
LU|L|Luxembourg (fr)|
LV|AI|Aizkraukles Aprinkis|District
LV|AL|Aluksnes Aprinkis|District
LV|BL|Balvu Aprinkis|District
LV|BU|Bauskas Aprinkis|District
LV|CE|Cesu Aprinkis|District
LV|DA|Daugavpils Aprinkis|District
LV|DGV|Daugavpils|City
LV|DO|Dobeles Aprinkis|District
LV|GU|Gulbenes Aprinkis|District
LV|JEL|Jelgava|City
LV|JK|Jekabpils Aprinkis|District
LV|JL|Jelgavas Aprinkis|District
LV|JUR|Jurmala|City
LV|KR|Kraslavas Aprinkis|District
LV|KU|Kuldigas Aprinkis|District
LV|LE|Liepajas Aprinkis|District
LV|LM|Limbažu Aprinkis|District
LV|LPX|Liepaja|City
LV|LU|Ludzas Aprinkis|District
LV|MA|Madonas Aprinkis|District
LV|OG|Ogres Aprinkis|District
LV|PR|Preilu Aprinkis|District
LV|RE|Rezeknes Aprinkis|District
LV|REZ|Rezekne|City
LV|RI|Rigas Aprinkis|District
LV|RIX|Riga|City
LV|SA|Saldus Aprinkis|District
LV|TA|Talsu Aprinkis|District
LV|TU|Tukuma Aprinkis|District
LV|VE|Ventspils Aprinkis|District
LV|VEN|Ventspils|City
LV|VK|Valkas Aprinkis|District
LV|VM|Valmieras Aprinkis|District
LY|AJ|Ajdabiya|
LY|BA|Banghazi|
LY|BU|Al Butnan|
LY|BW|Bani Walid|
LY|DR|Darnah|
LY|GD|Ghadamis|
LY|GR|Gharyan|
LY|GT|Ghat|
LY|HZ|Al Hizam al Akhhar|
LY|JA|Al Jabal al Akhdar|
LY|JB|Jaghbub|
LY|JI|Al Jifarah|
LY|JU|Al Jufrah|
LY|KF|Al Kufrah|
LY|MB|Al Marqab|
LY|MI|Misratah|
LY|MJ|Al Marj|
LY|MQ|Murzuq|
LY|MZ|Mizdah|
LY|NL|Nalut|
LY|NQ|An Nuqat al Khams|
LY|QB|Al Qubbah|
LY|QT|Al Qatrun|
LY|SB|Sabha|
LY|SH|Ash Shati'|
LY|SR|Surt|
LY|SS|Sabratah Surman|
LY|TB|Tarabulus|
LY|TM|Tarhunah-Masallatah|
LY|TN|Tajura' wa an Nawahi Arbah|
LY|WA|Al Wahah|
LY|WD|Wadi al Hayat|
LY|YJ|Yafran-Jadu|
LY|ZA|Az Zawiyah|
MA|AGD|Agadir|
MA|ASZ|Assa-Zag|
MA|AZI|Azilal|
MA|BAH|Aït Baha|
MA|BEM|Beni Mellal|
MA|BER|Berkane|
MA|BES|Ben Slimane|
MA|BOD|Boujdour (EH)|
MA|BOM|Boulemane|
MA|CAS|Casablanca [Dar el Beïda]|
MA|CHE|Chefchaouene|
MA|CHI|Chichaoua|
MA|ERR|Errachidia|
MA|ESI|Essaouira|
MA|ESM|Es Smara (EH)|
MA|FES|Fès|
MA|FIG|Figuig|
MA|GUE|Guelmim|
MA|HAJ|El Hajeb|
MA|HAO|Al Haouz|
MA|HOC|Al Hoceïma|
MA|IFR|Ifrane|
MA|JDI|El Jadida|
MA|JRA|Jerada|
MA|KEN|Kénitra|
MA|KES|Kelaat Sraghna|
MA|KHE|Khemisset|
MA|KHN|Khenifra|
MA|KHO|Khouribga|
MA|LAA|Laayoune (EH)|
MA|LAR|Larache|
MA|MAR|Marrakech|
MA|MEK|Meknès|
MA|MEL|Aït Melloul|
MA|NAD|Nador|
MA|OUA|Ouarzazate|
MA|OUD|Oued ed Dahab (EH)|
MA|OUJ|Oujda|
MA|RBA|Rabat-Salé|
MA|SAF|Safi|
MA|SEF|Sefrou|
MA|SET|Settat|
MA|SIK|Sidi Kacem|
MA|TAO|Taounate|
MA|TAR|Taroudannt|
MA|TAT|Tata|
MA|TAZ|Taza|
MA|TET|Tétouan|
MA|TIZ|Tiznit|
MA|TNG|Tanger|
MA|TNT|Tan-Tan|
MC|||
MD|BA|Balti|District
MD|CA|Cahul|District
MD|CH|Chisinau|District
MD|CU|Chisinau|City
MD|ED|Edinet|District
MD|GA|Gagauzia, Unitate Teritoriala Autonoma (UTAG)|Autonomous Territory
MD|LA|Lapusna|District
MD|OR|Orhei|District
MD|SN|Stînga Nistrului, unitatea teritoriala din|Territorial Unit
MD|SO|Soroca|District
MD|TA|Taraclia|District
MD|TI|Tighina [Bender]|District
MD|UN|Ungheni|District
MG|A|Toamasina|
MG|D|Antsiranana|
MG|F|Fianarantsoa|
MG|M|Mahajanga|
MG|T|Antananarivo|
MG|U|Toliara|
MH|ALK|Ailuk|
MH|ALL|Ailinglapalap|
MH|ARN|Arno|
MH|AUR|Aur|
MH|EBO|Ebon|
MH|ENI|Eniwetok|
MH|JAL|Jaluit|
MH|KIL|Kili|
MH|KWA|Kwajalein|
MH|LAE|Lae|
MH|LIB|Lib|
MH|LIK|Likiep|
MH|MAJ|Majuro|
MH|MAL|Maloelap|
MH|MEJ|Mejit|
MH|MIL|Mili|
MH|NMK|Namorik|
MH|NMU|Namu|
MH|RON|Rongelap|
MH|UJA|Ujae|
MH|UJL|Ujelang|
MH|UTI|Utirik|
MH|WTH|Wotho|
MH|WTJ|Wotje|
MK|||
ML|1|Kayes|Region
ML|2|Koulikoro|Region
ML|3|Sikasso|Region
ML|4|Ségou|Region
ML|5|Mopti|Region
ML|6|Tombouctou|Region
ML|7|Gao|Region
ML|8|Kidal|Region
ML|BKO|Bamako|District
MM|01|Sagaing|Division
MM|02|Bago|Division
MM|03|Magway|Division
MM|04|Mandalay|Division
MM|05|Tanintharyi|Division
MM|06|Yangon|Division
MM|07|Ayeyarwady|Division
MM|11|Kachin|State
MM|12|Kayah|State
MM|13|Kayin|State
MM|14|Chin|State
MM|15|Mon|State
MM|16|Rakhine|State
MM|17|Shan|State
MN|035|Orhon|Province
MN|037|Darhan uul|Province
MN|039|Hentiy|Province
MN|041|Hövsgöl|Province
MN|043|Hovd|Province
MN|046|Uvs|Province
MN|047|Töv|Province
MN|049|Selenge|Province
MN|051|Sühbaatar|Province
MN|053|Ömnögovi|Province
MN|055|Övörhangay|Province
MN|057|Dzavhan|Province
MN|059|Dundgovi|Province
MN|061|Dornod|Province
MN|063|Dornogovi|Province
MN|064|Govi-Sümber|Province
MN|065|Govi-Altay|Province
MN|067|Bulgan|Province
MN|069|Bayanhongor|Province
MN|071|Bayan-Ölgiy|Province
MN|073|Arhangay|Province
MN|1|Ulaanbaatar|Capital City
MO|||
MP|||
MQ|||
MR|01|Hodh ech Chargui|Region
MR|02|Hodh el Gharbi|Region
MR|03|Assaba|Region
MR|04|Gorgol|Region
MR|05|Brakna|Region
MR|06|Trarza|Region
MR|07|Adrar|Region
MR|08|Dakhlet Nouâdhibou|Region
MR|09|Tagant|Region
MR|10|Guidimaka|Region
MR|11|Tiris Zemmour|Region
MR|12|Inchiri|Region
MR|NKC|Nouakchott|District
MS|||
MT|||
MU|AG|Agalega Islands|Dependency
MU|BL|Black River|District
MU|BR|Beau Bassin-Rose Hill|City
MU|CC|Cargados Carajos Shoals [Saint Brandon Islands]|Dependency
MU|CU|Curepipe|City
MU|FL|Flacq|District
MU|GP|Grand Port|District
MU|MO|Moka|District
MU|PA|Pamplemousses|District
MU|PL|Port Louis|District
MU|PU|Port Louis|City
MU|PW|Plaines Wilhems|District
MU|QB|Quatre Bornes|City
MU|RO|Rodrigues Island|Dependency
MU|RR|Rivière du Rempart|District
MU|SA|Savanne|District
MU|VP|Vacoas-Phoenix|City
MV|01|Seenu|Administrative Atoll
MV|02|Alif|Administrative Atoll
MV|03|Lhaviyani|Administrative Atoll
MV|04|Vaavu|Administrative Atoll
MV|05|Laamu|Administrative Atoll
MV|07|Haa Alif|Administrative Atoll
MV|08|Thaa|Administrative Atoll
MV|12|Meemu|Administrative Atoll
MV|13|Raa|Administrative Atoll
MV|14|Faafu|Administrative Atoll
MV|17|Dhaalu|Administrative Atoll
MV|20|Baa|Administrative Atoll
MV|23|Haa Dhaalu|Administrative Atoll
MV|24|Shaviyani|Administrative Atoll
MV|25|Noonu|Administrative Atoll
MV|26|Kaafu|Administrative Atoll
MV|27|Gaaf Alif|Administrative Atoll
MV|28|Gaafu Dhaalu|Administrative Atoll
MV|29|Gnaviyani|Administrative Atoll
MV|MLE|Male|Capital
MW|BA|Balaka|
MW|BL|Blantyre|
MW|CK|Chikwawa|
MW|CR|Chiradzulu|
MW|CT|Chitipa|
MW|DE|Dedza|
MW|DO|Dowa|
MW|KR|Karonga|
MW|KS|Kasungu|
MW|LI|Lilongwe|
MW|LK|Likoma Island|
MW|MC|Mchinji|
MW|MG|Mangochi|
MW|MH|Machinga|
MW|MU|Mulanje|
MW|MW|Mwanza|
MW|MZ|Mzimba|
MW|NB|Nkhata Bay|
MW|NI|Ntchisi|
MW|NK|Nkhotakota|
MW|NS|Nsanje|
MW|NU|Ntcheu|
MW|PH|Phalombe|
MW|RU|Rumphi|
MW|SA|Salima|
MW|TH|Thyolo|
MW|ZO|Zomba|
MX|AGU|Aguascalientes|State
MX|BCN|Baja California|State
MX|BCS|Baja California Sur|State
MX|CAM|Campeche|State
MX|CHH|Chihuahua|State
MX|CHP|Chiapas|State
MX|COA|Coahuila|State
MX|COL|Colima|State
MX|DIF|Distrito Federal|Federal District
MX|DUR|Durango|State
MX|GRO|Guerrero|State
MX|GUA|Guanajuato|State
MX|HID|Hidalgo|State
MX|JAL|Jalisco|State
MX|MEX|México|State
MX|MIC|Michoacán|State
MX|MOR|Morelos|State
MX|NAY|Nayarit|State
MX|NLE|Nuevo León|State
MX|OAX|Oaxaca|State
MX|PUE|Puebla|State
MX|QUE|Querétaro|State
MX|ROO|Quintana Roo|State
MX|SIN|Sinaloa|State
MX|SLP|San Luis Potosí|State
MX|SON|Sonora|State
MX|TAB|Tabasco|State
MX|TAM|Tamaulipas|State
MX|TLA|Tlaxcala|State
MX|VER|Veracruz|State
MX|YUC|Yucatán|State
MX|ZAC|Zacatecas|State
MY|01|Johor|State
MY|02|Kedah|State
MY|03|Kelantan|State
MY|04|Melaka|State
MY|05|Negeri Sembilan|State
MY|06|Pahang|State
MY|07|Pulau Pinang|State
MY|08|Perak|State
MY|09|Perlis|State
MY|10|Selangor|State
MY|11|Terengganu|State
MY|12|Sabah|State
MY|13|Sarawak|State
MY|14|Wilayah Persekutuan Kuala Lumpur|Federal Territory
MY|15|Wilayah Persekutuan Labuan|Federal Territory
MY|16|Wilayah Persekutuan Putrajaya|Federal Territory
MZ|A|Niassa|Province
MZ|B|Manica|Province
MZ|G|Gaza|Province
MZ|I|Inhambane|Province
MZ|L|Maputo|Province
MZ|MPM|Maputo|City
MZ|N|Nampula|Province
MZ|P|Cabo Delgado|Province
MZ|Q|Zambézia|Province
MZ|S|Sofala|Province
MZ|T|Tete|Province
NA|CA|Caprivi|
NA|ER|Erongo|
NA|HA|Hardap|
NA|KA|Karas|
NA|KH|Khomas|
NA|KU|Kunene|
NA|OD|Otjozondjupa|
NA|OH|Omaheke|
NA|OK|Okavango|
NA|ON|Oshana|
NA|OS|Omusati|
NA|OT|Oshikoto|
NA|OW|Ohangwena|
NE|1|Agadez|Department
NE|2|Diffa|Department
NE|3|Dosso|Department
NE|4|Maradi|Department
NE|5|Tahoua|Department
NE|6|Tillabéri|Department
NE|7|Zinder|Department
NE|8|Niamey|Urban Community
NF|||
NG|AB|Abia|State
NG|AD|Adamawa|State
NG|AK|Akwa Ibom|State
NG|AN|Anambra|State
NG|BA|Bauchi|State
NG|BE|Benue|State
NG|BO|Borno|State
NG|BY|Bayelsa|State
NG|CR|Cross River|State
NG|DE|Delta|State
NG|EB|Ebonyi|State
NG|ED|Edo|State
NG|EK|Ekiti|State
NG|EN|Enugu|State
NG|FC|Abuja Capital Territory|Capital Territory
NG|GO|Gombe|State
NG|IM|Imo|State
NG|JI|Jigawa|State
NG|KD|Kaduna|State
NG|KE|Kebbi|State
NG|KN|Kano|State
NG|KO|Kogi|State
NG|KT|Katsina|State
NG|KW|Kwara|State
NG|LA|Lagos|State
NG|NA|Nassarawa|State
NG|NI|Niger|State
NG|OG|Ogun|State
NG|ON|Ondo|State
NG|OS|Osun|State
NG|OY|Oyo|State
NG|PL|Plateau|State
NG|RI|Rivers|State
NG|SO|Sokoto|State
NG|TA|Taraba|State
NG|YO|Yobe|State
NG|ZA|Zamfara|State
NI|AN|Atlántico Norte|Autonomous Region
NI|AS|Atlántico Sur|Autonomous Region
NI|BO|Boaco|Department
NI|CA|Carazo|Department
NI|CI|Chinandega|Department
NI|CO|Chontales|Department
NI|ES|Estelí|Department
NI|GR|Granada|Department
NI|JI|Jinotega|Department
NI|LE|León|Department
NI|MD|Madriz|Department
NI|MN|Managua|Department
NI|MS|Masaya|Department
NI|MT|Matagalpa|Department
NI|NS|Nueva Segovia|Department
NI|RI|Rivas|Department
NI|SJ|Río San Juan|Department
NL|DR|Drenthe|
NL|FL|Flevoland|
NL|FR|Friesland|
NL|GE|Gelderland|
NL|GR|Groningen|
NL|LI|Limburg|
NL|NB|Noord-Brabant|
NL|NH|Noord-Holland|
NL|OV|Overijssel|
NL|UT|Utrecht|
NL|ZE|Zeeland|
NL|ZH|Zuid-Holland|
NO|01|Østfold|
NO|02|Akershus|
NO|03|Oslo|
NO|04|Hedmark|
NO|05|Oppland|
NO|06|Buskerud|
NO|07|Vestfold|
NO|08|Telemark|
NO|09|Aust-Agder|
NO|10|Vest-Agder|
NO|11|Rogaland|
NO|12|Hordaland|
NO|14|Sogn og Fjordane|
NO|15|Møre og Romsdal|
NO|16|Sør-Trøndelag|
NO|17|Nord-Trøndelag|
NO|18|Nordland|
NO|19|Troms|
NO|20|Finnmark|
NO|21|Svalbard (Arctic Region) (See also country code SJ)|
NO|22|Jan Mayen (Arctic Region) (See also country code SJ)|
NP|BA|Bagmati|
NP|BH|Bheri|
NP|DH|Dhawalagiri|
NP|GA|Gandaki|
NP|JA|Janakpur|
NP|KA|Karnali|
NP|KO|Kosi [Koshi]|
NP|LU|Lumbini|
NP|MA|Mahakali|
NP|ME|Mechi|
NP|NA|Narayani|
NP|RA|Rapti|
NP|SA|Sagarmatha|
NP|SE|Seti|
NR|||
NU|||
NZ|AUK|Auckland|
NZ|BOP|Bay of Plenty|
NZ|CAN|Canterbury|
NZ|GIS|Gisborne|
NZ|HKB|Hawkes's Bay|
NZ|MBH|Marlborough|
NZ|MWT|Manawatu-Wanganui|
NZ|NSN|Nelson|
NZ|NTL|Northland|
NZ|OTA|Otago|
NZ|STL|Southland|
NZ|TAS|Tasman|
NZ|TKI|Taranaki|
NZ|WGN|Wellington|
NZ|WKO|Waikato|
NZ|WTC|West Coast|
OM|BA|Al Batinah|
OM|DA|Ad Dakhiliyah|
OM|JA|Al Janubiyah [Z¸ufar]|
OM|MA|Masqat|
OM|MU|Musandam|
OM|SH|Ash Sharqiyah|
OM|WU|Al Wustá|
OM|ZA|Az¸ Z¸āhirah|
PA|0|Comarca de San Blas|Special Territory
PA|1|Bocas del Toro|Province
PA|2|Coclé|Province
PA|3|Colón|Province
PA|4|Chiriquí|Province
PA|5|Darién|Province
PA|6|Herrera|Province
PA|7|Los Santos|Province
PA|8|Panamá|Province
PA|9|Veraguas|Province
PE|AMA|Amazonas|Department
PE|ANC|Ancash|Department
PE|APU|Apurímac|Department
PE|ARE|Arequipa|Department
PE|AYA|Ayacucho|Department
PE|CAJ|Cajamarca|Department
PE|CAL|El Callao|Constitutional Province
PE|CUS|Cuzco [Cusco]|Department
PE|HUC|Huánuco|Department
PE|HUV|Huancavelica|Department
PE|ICA|Ica|Department
PE|JUN|Junín|Department
PE|LAL|La Libertad|Department
PE|LAM|Lambayeque|Department
PE|LIM|Lima|Department
PE|LOR|Loreto|Department
PE|MDD|Madre de Dios|Department
PE|MOQ|Moquegua|Department
PE|PAS|Pasco|Department
PE|PIU|Piura|Department
PE|PUN|Puno|Department
PE|SAM|San Martín|Department
PE|TAC|Tacna|Department
PE|TUM|Tumbes|Department
PE|UCA|Ucayali|Department
PG|CPK|Chimbu|Province
PG|CPM|Central|Province
PG|EBR|East New Britain|Province
PG|EHG|Eastern Highlands|Province
PG|EPW|Enga|Province
PG|ESW|East Sepik|Province
PG|GPK|Gulf|Province
PG|MBA|Milne Bay|Province
PG|MPL|Morobe|Province
PG|MPM|Madang|Province
PG|MRL|Manus|Province
PG|NCD|National Capital District (Port Moresby)|District
PG|NIK|New Ireland|Province
PG|NPP|Northern|Province
PG|NSA|North Solomons|Province
PG|SAN|Sandaun [West Sepik]|Province
PG|SHM|Southern Highlands|Province
PG|WBK|West New Britain|Province
PG|WHM|Western Highlands|Province
PG|WPD|Western|Province
PH|ABR|Abra|
PH|AGN|Agusan del Norte|
PH|AGS|Agusan del Sur|
PH|AKL|Aklan|
PH|ALB|Albay|
PH|ANT|Antique|
PH|APA|Apayao|
PH|AUR|Aurora|
PH|BAN|Bataan|
PH|BAS|Basilan|
PH|BEN|Benguet|
PH|BIL|Biliran|
PH|BOH|Bohol|
PH|BTG|Batangas|
PH|BTN|Batanes|
PH|BUK|Bukidnon|
PH|BUL|Bulacan|
PH|CAG|Cagayan|
PH|CAM|Camiguin|
PH|CAN|Camarines Norte|
PH|CAP|Capiz|
PH|CAS|Camarines Sur|
PH|CAT|Catanduanes|
PH|CAV|Cavite|
PH|CEB|Cebu|
PH|COM|Compostela Valley|
PH|DAO|Davao Oriental|
PH|DAS|Davao del Sur|
PH|DAV|Davao del Norte|
PH|EAS|Eastern Samar|
PH|GUI|Guimaras|
PH|IFU|Ifugao|
PH|ILI|Iloilo|
PH|ILN|Ilocos Norte|
PH|ILS|Ilocos Sur|
PH|ISA|Isabela|
PH|KAL|Kalinga|
PH|LAG|Laguna|
PH|LAN|Lanao del Norte|
PH|LAS|Lanao del Sur|
PH|LEY|Leyte|
PH|LUN|La Union|
PH|MAD|Marinduque|
PH|MAG|Maguindanao|
PH|MAS|Masbate|
PH|MDC|Mindoro Occidental|
PH|MDR|Mindoro Oriental|
PH|MOU|Mountain Province|
PH|MSC|Misamis Occidental|
PH|MSR|Misamis Oriental|
PH|NCO|North Cotabato|
PH|NEC|Negros Occidental|
PH|NER|Negros Oriental|
PH|NSA|Northern Samar|
PH|NUE|Nueva Ecija|
PH|NUV|Nueva Vizcaya|
PH|PAM|Pampanga|
PH|PAN|Pangasinan|
PH|PLW|Palawan|
PH|QUE|Quezon|
PH|QUI|Quirino|
PH|RIZ|Rizal|
PH|ROM|Romblon|
PH|SAR|Sarangani|
PH|SCO|South Cotabato|
PH|SIG|Siquijor|
PH|SLE|Southern Leyte|
PH|SLU|Sulu|
PH|SOR|Sorsogon|
PH|SUK|Sultan Kudarat|
PH|SUN|Surigao del Norte|
PH|SUR|Surigao del Sur|
PH|TAR|Tarlac|
PH|TAW|Tawi-Tawi|
PH|WSA|Western Samar|
PH|ZAN|Zamboanga del Norte|
PH|ZAS|Zamboanga del Sur|
PH|ZMB|Zambales|
PH|ZSI|Zamboanga Sibuguey [Zamboanga Sibugay]|
PK|BA|Baluchistan (en)|Province
PK|IS|Islamabad|Federal Capital Territory
PK|JK|Azad Kashmir|Pakistan Administered Area
PK|NA|Northern Areas|Pakistan Administered Area
PK|NW|North-West Frontier|Province
PK|PB|Punjab|Province
PK|SD|Sind (en)|Province
PK|TA|Federally Administered Tribal Areas|Territory
PL|DS|Dolnoslaskie|
PL|KP|Kujawsko-pomorskie|
PL|LB|Lubuskie|
PL|LD|Lódzkie|
PL|LU|Lubelskie|
PL|MA|Malopolskie|
PL|MZ|Mazowieckie|
PL|OP|Opolskie|
PL|PD|Podlaskie|
PL|PK|Podkarpackie|
PL|PM|Pomorskie|
PL|SK|Swietokrzyskie|
PL|SL|Slaskie|
PL|WN|Warminsko-mazurskie|
PL|WP|Wielkopolskie|
PL|ZP|Zachodniopomorskie|
PM|||
PN|||
PR|||
PS|||
PT|01|Aveiro|District
PT|02|Beja|District
PT|03|Braga|District
PT|04|Bragança|District
PT|05|Castelo Branco|District
PT|06|Coimbra|District
PT|07|Évora|District
PT|08|Faro|District
PT|09|Guarda|District
PT|10|Leiria|District
PT|11|Lisboa|District
PT|12|Portalegre|District
PT|13|Porto|District
PT|14|Santarém|District
PT|15|Setúbal|District
PT|16|Viana do Castelo|District
PT|17|Vila Real|District
PT|18|Viseu|District
PT|20|Região Autónoma dos Açores|Autonomous Region
PT|30|Região Autónoma da Madeira|Autonomous Region
PY|1|Concepción|Department
PY|10|Alto Paraná|Department
PY|11|Central|Department
PY|12|Ñeembucú|Department
PY|13|Amambay|Department
PY|14|Canindeyú|Department
PY|15|Presidente Hayes|Department
PY|16|Alto Paraguay|Department
PY|19|Boquerón|Department
PY|2|San Pedro|Department
PY|3|Cordillera|Department
PY|4|Guairá|Department
PY|5|Caaguazú|Department
PY|6|Caazapá|Department
PY|7|Itapúa|Department
PY|8|Misiones|Department
PY|9|Paraguarí|Department
PY|ASU|Asunción|Capital
QA|DA|Ad Dawhah|
QA|GH|Al Ghuwayriyah|
QA|JB|Jariyan al Batnah|
QA|JU|Al Jumayliyah|
QA|KH|Al Khawr|
QA|MS|Madinat ash Shamal|
QA|RA|Ar Rayyan|
QA|US|Umm Salal|
QA|WA|Al Wakrah|
RO|AB|Alba|Department
RO|AG|Arges|Department
RO|AR|Arad|Department
RO|B|Bucuresti|Municipality
RO|BC|Bacau|Department
RO|BH|Bihor|Department
RO|BN|Bistrita-Nasaud|Department
RO|BR|Braila|Department
RO|BT|Botosani|Department
RO|BV|Brasov|Department
RO|BZ|Buzau|Department
RO|CJ|Cluj|Department
RO|CL|Calarasi|Department
RO|CS|Caras-Severin|Department
RO|CT|Constanta|Department
RO|CV|Covasna|Department
RO|DB|Dâmbovita|Department
RO|DJ|Dolj|Department
RO|GJ|Gorj|Department
RO|GL|Galati|Department
RO|GR|Giurgiu|Department
RO|HD|Hunedoara|Department
RO|HR|Harghita|Department
RO|IF|Ilfov|Department
RO|IL|Ialomita|Department
RO|IS|Iasi|Department
RO|MH|Mehedinti|Department
RO|MM|Maramures|Department
RO|MS|Mures|Department
RO|NT|Neamt|Department
RO|OT|Olt|Department
RO|PH|Prahova|Department
RO|SB|Sibiu|Department
RO|SJ|Salaj|Department
RO|SM|Satu Mare|Department
RO|SV|Suceava|Department
RO|TL|Tulcea|Department
RO|TM|Timis|Department
RO|TR|Teleorman|Department
RO|VL|Vâlcea|Department
RO|VN|Vrancea|Department
RO|VS|Vaslui|Department
RU|AD|Adygeya, Respublika|Republic
RU|AGB|Aginskiy Buryatskiy avtonomnyy okrug|Autonomous District
RU|AL|Altay, Respublika|Republic
RU|ALT|Altayskiy kray|Administrative Territory
RU|AMU|Amurskaya oblast'|Administrative Region
RU|ARK|Arkhangel'skaya oblast'|Administrative Region
RU|AST|Astrakhanskaya oblast'|Administrative Region
RU|BA|Bashkortostan, Respublika|Republic
RU|BEL|Belgorodskaya oblast'|Administrative Region
RU|BRY|Bryanskaya oblast'|Administrative Region
RU|BU|Buryatiya, Respublika|Republic
RU|CE|Chechenskaya Respublika|Republic
RU|CHE|Chelyabinskaya oblast'|Administrative Region
RU|CHI|Chitinskaya oblast'|Administrative Region
RU|CHU|Chukotskiy avtonomnyy okrug|Autonomous District
RU|CU|Chuvashskaya Respublika|Republic
RU|DA|Dagestan, Respublika|Republic
RU|EVE|Evenkiyskiy avtonomnyy okrug|Autonomous District
RU|IN|Ingushskaya Respublika [Respublika Ingushetiya]|Republic
RU|IRK|Irkutskaya oblast'|Administrative Region
RU|IVA|Ivanovskaya oblast'|Administrative Region
RU|KAM|Kamchatskaya oblast'|Administrative Region
RU|KB|Kabardino-Balkarskaya Respublika|Republic
RU|KC|Karachayevo-Cherkesskaya Respublika|Republic
RU|KDA|Krasnodarskiy kray|Administrative Territory
RU|KEM|Kemerovskaya oblast'|Administrative Region
RU|KGD|Kaliningradskaya oblast'|Administrative Region
RU|KGN|Kurganskaya oblast'|Administrative Region
RU|KHA|Khabarovskiy kray|Administrative Territory
RU|KHM|Khanty-Mansiyskiy avtonomnyy okrug|Autonomous District
RU|KIR|Kirovskaya oblast'|Administrative Region
RU|KK|Khakasiya, Respublika|Republic
RU|KL|Kalmykiya, Respublika|Republic
RU|KLU|Kaluzhskaya oblast'|Administrative Region
RU|KO|Komi, Respublika|Republic
RU|KOP|Komi-Permyatskiy avtonomnyy okrug|Autonomous District
RU|KOR|Koryakskiy avtonomnyy okrug|Autonomous District
RU|KOS|Kostromskaya oblast'|Administrative Region
RU|KR|Kareliya, Respublika|Republic
RU|KRS|Kurskaya oblast'|Administrative Region
RU|KYA|Krasnoyarskiy kray|Administrative Territory
RU|LEN|Leningradskaya oblast'|Administrative Region
RU|LIP|Lipetskaya oblast'|Administrative Region
RU|MAG|Magadanskaya oblast'|Administrative Region
RU|ME|Mariy El, Respublika|Republic
RU|MO|Mordoviya, Respublika|Republic
RU|MOS|Moskovskaya oblast'|Administrative Region
RU|MOW|Moskva|Autonomous City
RU|MUR|Murmanskaya oblast'|Administrative Region
RU|NEN|Nenetskiy avtonomnyy okrug|Autonomous District
RU|NGR|Novgorodskaya oblast'|Administrative Region
RU|NIZ|Nizhegorodskaya oblast'|Administrative Region
RU|NVS|Novosibirskaya oblast'|Administrative Region
RU|OMS|Omskaya oblast'|Administrative Region
RU|ORE|Orenburgskaya oblast'|Administrative Region
RU|ORL|Orlovskaya oblast'|Administrative Region
RU|PER|Permskaya oblast'|Administrative Region
RU|PNZ|Penzenskaya oblast'|Administrative Region
RU|PRI|Primorskiy kray|Administrative Territory
RU|PSK|Pskovskaya oblast'|Administrative Region
RU|ROS|Rostovskaya oblast'|Administrative Region
RU|RYA|Ryazanskaya oblast'|Administrative Region
RU|SA|Sakha, Respublika [Yakutiya]|Republic
RU|SAK|Sakhalinskaya oblast'|Administrative Region
RU|SAM|Samarskaya oblast'|Administrative Region
RU|SAR|Saratovskaya oblast'|Administrative Region
RU|SE|Severnaya Osetiya, Respublika [Alaniya] [Respublika Severnaya Osetiya-Alaniya]|Republic
RU|SMO|Smolenskaya oblast'|Administrative Region
RU|SPE|Sankt-Peterburg|Autonomous City
RU|STA|Stavropol'skiy kray|Administrative Territory
RU|SVE|Sverdlovskaya oblast'|Administrative Region
RU|TA|Tatarstan, Respublika|Republic
RU|TAM|Tambovskaya oblast'|Administrative Region
RU|TAY|Taymyrskiy (Dolgano-Nenetskiy) avtonomnyy okrug|Autonomous District
RU|TOM|Tomskaya oblast'|Administrative Region
RU|TUL|Tul'skaya oblast'|Administrative Region
RU|TVE|Tverskaya oblast'|Administrative Region
RU|TY|Tyva, Respublika [Tuva]|Republic
RU|TYU|Tyumenskaya oblast'|Administrative Region
RU|UD|Udmurtskaya Respublika|Republic
RU|ULY|Ul'yanovskaya oblast'|Administrative Region
RU|UOB|Ust'-Ordynskiy Buryatskiy avtonomnyy okrug|Autonomous District
RU|VGG|Volgogradskaya oblast'|Administrative Region
RU|VLA|Vladimirskaya oblast'|Administrative Region
RU|VLG|Vologodskaya oblast'|Administrative Region
RU|VOR|Voronezhskaya oblast'|Administrative Region
RU|YAN|Yamalo-Nenetskiy avtonomnyy okrug|Autonomous District
RU|YAR|Yaroslavskaya oblast'|Administrative Region
RU|YEV|Yevreyskaya avtonomnaya oblast'|Autonomous Region
RW|B|Gitarama|
RW|C|Butare|
RW|D|Gikongoro|
RW|E|Cyangugu|
RW|F|Kibuye|
RW|G|Gisenyi|
RW|H|Ruhengeri|
RW|I|Byumba|
RW|J|Kibungo|
RW|K|Kigali-Rural|
RW|L|Kigali-Ville|
RW|M|Mutara|
SA|01|Ar Riyah|
SA|02|Makkah|
SA|03|Al Madinah|
SA|04|Ash Sharqiyah|
SA|05|Al Qasim|
SA|06|Ha'il|
SA|07|Tabuk|
SA|08|Al Hudud ash Shamaliyah|
SA|09|Jizan|
SA|10|Najran|
SA|11|Al Bahah|
SA|12|Al Jawf|
SA|14|Asir|
SB|CE|Central|Province
SB|CT|Capital Territory (Honiara)|Capital Territory
SB|GU|Guadalcanal|Province
SB|IS|Isabel|Province
SB|MK|Makira|Province
SB|ML|Malaita|Province
SB|TE|Temotu|Province
SB|WE|Western|Province
SC|||
SD|01|Ash Shamaliyah|
SD|02|Shamal Darfur|
SD|03|Al Khartum|
SD|04|An Nil|
SD|05|Kassala|
SD|06|Al Qaharif|
SD|07|Al Jazirah|
SD|08|An Nil al Abyah|
SD|09|Shamal Kurdufan|
SD|10|Gharb Kurdufan|
SD|11|Janub Darfur|
SD|12|Gharb Darfur|
SD|13|Janub Kurdufan|
SD|14|Gharb Bahr al Ghazal|
SD|15|Shamal Bahr al Ghazal|
SD|16|Gharb al Istiwa'iyah|
SD|17|Bahr al Jabal|
SD|18|Al Buhayrat|
SD|19|Sharq al Istiwa'iyah|
SD|20|Junqali|
SD|21|Warab|
SD|22|Al Wahdah|
SD|23|Ahali an Nil|
SD|24|An Nil al Azraq|
SD|25|Sinnar|
SD|26|Al Bahr al Ahmar|
SE|AB|Stockholms län [SE-01]|
SE|AC|Västerbottens län [SE-24]|
SE|BD|Norrbottens län [SE-25]|
SE|C|Uppsala län [SE-03]|
SE|D|Södermanlands län [SE-04]|
SE|E|Östergötlands län [SE-05]|
SE|F|Jönköpings län [SE-06]|
SE|G|Kronobergs län [SE-07]|
SE|H|Kalmar län [SE-08]|
SE|I|Gotlands län [SE-09]|
SE|K|Blekinge län [SE-10]|
SE|M|Skåne län [SE-12]|
SE|N|Hallands län [SE-13]|
SE|O|Västra Götalands län [SE-14]|
SE|S|Värmlands län [SE-17]|
SE|T|Örebro län [SE-18]|
SE|U|Västmanlands län [SE-19]|
SE|W|Dalarnas län [SE-20]|
SE|X|Gävleborgs län [SE-21]|
SE|Y|Västernorrlands län [SE-22]|
SE|Z|Jämtlands län [SE-23]|
SG|||
SH|AC|Ascension|Dependency
SH|SH|Saint Helena|Administrative Area
SH|TA|Tristan da Cunha|Dependency
SI|001|Ajdovšcina|
SI|002|Beltinci|
SI|003|Bled|
SI|004|Bohinj|
SI|005|Borovnica|
SI|006|Bovec|
SI|007|Brda|
SI|008|Brezovica|
SI|009|Brežice|
SI|010|Tišina|
SI|011|Celje|
SI|012|Cerklje na Gorenjskem|
SI|013|Cerknica|
SI|014|Cerkno|
SI|015|Crenšovci|
SI|016|Crna na Koroškem|
SI|017|Crnomelj|
SI|018|Destrnik|
SI|019|Divaca|
SI|020|Dobrepolje|
SI|021|Dobrova-Polhov Gradec|
SI|022|Dol pri Ljubljani|
SI|023|Domžale|
SI|024|Dornava|
SI|025|Dravograd|
SI|026|Duplek|
SI|027|Gorenja vas-Poljane|
SI|028|Gorišnica|
SI|029|Gornja Radgona|
SI|030|Gornji Grad|
SI|031|Gornji Petrovci|
SI|032|Grosuplje|
SI|033|Šalovci|
SI|034|Hrastnik|
SI|035|Hrpelje-Kozina|
SI|036|Idrija|
SI|037|Ig|
SI|038|Ilirska Bistrica|
SI|039|Ivancna Gorica|
SI|040|Izola|
SI|041|Jesenice|
SI|042|Juršinci|
SI|043|Kamnik|
SI|044|Kanal|
SI|045|Kidricevo|
SI|046|Kobarid|
SI|047|Kobilje|
SI|048|Kocevje|
SI|049|Komen|
SI|050|Koper|
SI|051|Kozje|
SI|052|Kranj|
SI|053|Kranjska Gora|
SI|054|Krško|
SI|055|Kungota|
SI|056|Kuzma|
SI|057|Laško|
SI|058|Lenart|
SI|059|Lendava|
SI|060|Litija|
SI|061|Ljubljana|
SI|062|Ljubno|
SI|063|Ljutomer|
SI|064|Logatec|
SI|065|Loška dolina|
SI|066|Loški Potok|
SI|067|Luce|
SI|068|Lukovica|
SI|069|Majšperk|
SI|070|Maribor|
SI|071|Medvode|
SI|072|Mengeš|
SI|073|Metlika|
SI|074|Mežica|
SI|075|Miren-Kostanjevica|
SI|076|Mislinja|
SI|077|Moravce|
SI|078|Moravske Toplice|
SI|079|Mozirje|
SI|080|Murska Sobota|
SI|081|Muta|
SI|082|Naklo|
SI|083|Nazarje|
SI|084|Nova Gorica|
SI|085|Novo mesto|
SI|086|Odranci|
SI|087|Ormož|
SI|088|Osilnica|
SI|089|Pesnica|
SI|090|Piran|
SI|091|Pivka|
SI|092|Podcetrtek|
SI|093|Podvelka|
SI|094|Postojna|
SI|095|Preddvor|
SI|096|Ptuj|
SI|097|Puconci|
SI|098|Race-Fram|
SI|099|Radece|
SI|100|Radenci|
SI|101|Radlje ob Dravi|
SI|102|Radovljica|
SI|103|Ravne na Koroškem|
SI|104|Ribnica|
SI|105|Rogašovci|
SI|106|Rogaška Slatina|
SI|107|Rogatec|
SI|108|Ruše|
SI|109|Semic|
SI|110|Sevnica|
SI|111|Sežana|
SI|112|Slovenj Gradec|
SI|113|Slovenska Bistrica|
SI|114|Slovenske Konjice|
SI|115|Starše|
SI|116|Sveti Jurij|
SI|117|Šencur|
SI|118|Šentilj|
SI|119|Šentjernej|
SI|120|Šentjur pri Celju|
SI|121|Škocjan|
SI|122|Škofja Loka|
SI|123|Škofljica|
SI|124|Šmarje pri Jelšah|
SI|125|Šmartno ob Paki|
SI|126|Šoštanj|
SI|127|Štore|
SI|128|Tolmin|
SI|129|Trbovlje|
SI|130|Trebnje|
SI|131|Tržic|
SI|132|Turnišce|
SI|133|Velenje|
SI|134|Velike Lašce|
SI|135|Videm|
SI|136|Vipava|
SI|137|Vitanje|
SI|138|Vodice|
SI|139|Vojnik|
SI|140|Vrhnika|
SI|141|Vuzenica|
SI|142|Zagorje ob Savi|
SI|143|Zavrc|
SI|144|Zrece|
SI|146|Železniki|
SI|147|Žiri|
SI|148|Benedikt|
SI|149|Bistrica ob Sotli|
SI|150|Bloke|
SI|151|Braslovce|
SI|152|Cankova|
SI|153|Cerkvenjak|
SI|154|Dobje|
SI|155|Dobrna|
SI|156|Dobrovnik|
SI|157|Dolenjske Toplice|
SI|158|Grad|
SI|159|Hajdina|
SI|160|Hoce-Slivnica|
SI|161|Hodoš|
SI|162|Horjul|
SI|163|Jezersko|
SI|164|Komenda|
SI|165|Kostel|
SI|166|Križevci|
SI|167|Lovrenc na Pohorju|
SI|168|Markovci|
SI|169|Miklavž na Dravskem polju|
SI|170|Mirna Pec|
SI|171|Oplotnica|
SI|172|Podlehnik|
SI|173|Polzela|
SI|174|Prebold|
SI|175|Prevalje|
SI|176|Razkrižje|
SI|177|Ribnica na Pohorju|
SI|178|Selnica ob Dravi|
SI|179|Sodražica|
SI|180|Solcava|
SI|181|Sveta Ana|
SI|182|Sveti Andraž v Slovenskih goricah|
SI|183|Šempeter-Vrtojba|
SI|184|Tabor|
SI|185|Trnovska vas|
SI|186|Trzin|
SI|187|Velika Polana|
SI|188|Veržej|
SI|189|Vransko|
SI|190|Žalec|
SI|191|Žetale|
SI|192|Žirovnica|
SI|193|Žužemberk|
SI|194|Šmartno pri Litiji|
SJ|||
SK|BC|Banskobystrický kraj|
SK|BL|Bratislavský kraj|
SK|KI|Košický kraj|
SK|NI|Nitriansky kraj|
SK|PV|Prešovský kraj|
SK|TA|Trnavský kraj|
SK|TC|Trenciansky kraj|
SK|ZI|Žilinský kraj|
SL|E|Eastern|Province
SL|N|Northern|Province
SL|S|Southern|Province
SL|W|Western Area (Freetown)|Area
SN|DB|Diourbel|
SN|DK|Dakar|
SN|FK|Fatick|
SN|KD|Kolda|
SN|KL|Kaolack|
SN|LG|Louga|
SN|MT|Matam|
SN|SL|Saint-Louis|
SN|TC|Tambacounda|
SN|TH|Thiès|
SN|ZG|Ziguinchor|
SO|AW|Awdal|
SO|BK|Bakool|
SO|BN|Banaadir|
SO|BR|Bari|
SO|BY|Bay|
SO|GA|Galguduud|
SO|GE|Gedo|
SO|HI|Hiiraan|
SO|JD|Jubbada Dhexe|
SO|JH|Jubbada Hoose|
SO|MU|Mudug|
SO|NU|Nugaal|
SO|SA|Sanaag|
SO|SD|Shabeellaha Dhexe|
SO|SH|Shabeellaha Hoose|
SO|SO|Sool|
SO|TO|Togdheer|
SO|WO|Woqooyi Galbeed|
SR|BR|Brokopondo|
SR|CM|Commewijne|
SR|CR|Coronie|
SR|MA|Marowijne|
SR|NI|Nickerie|
SR|PM|Paramaribo|
SR|PR|Para|
SR|SA|Saramacca|
SR|SI|Sipaliwini|
SR|WA|Wanica|
ST|P|Príncipe|
ST|S|São Tomé|
SV|AH|Ahuachapán|
SV|CA|Cabañas|
SV|CH|Chalatenango|
SV|CU|Cuscatlán|
SV|LI|La Libertad|
SV|MO|Morazán|
SV|PA|La Paz|
SV|SA|Santa Ana|
SV|SM|San Miguel|
SV|SO|Sonsonate|
SV|SS|San Salvador|
SV|SV|San Vicente|
SV|UN|La Unión|
SV|US|Usulután|
SY|DI|Dimashq|
SY|DR|Darha|
SY|DY|Dayr az Zawr|
SY|HA|Al Hasakah|
SY|HI|Hims|
SY|HL|Halab|
SY|HM|Hamah|
SY|ID|Idlib|
SY|LA|Al Ladhiqiyah|
SY|QU|Al Qunaytirah|
SY|RA|Ar Raqqah|
SY|RD|Rif Dimashq|
SY|SU|As Suwayda'|
SY|TA|Tartus|
SZ|HH|Hhohho|
SZ|LU|Lubombo|
SZ|MA|Manzini|
SZ|SH|Shiselweni|
TC|||
TD|BA|Batha|
TD|BET|Borkou-Ennedi-Tibesti|
TD|BI|Biltine|
TD|CB|Chari-Baguirmi|
TD|GR|Guéra|
TD|KA|Kanem|
TD|LC|Lac|
TD|LO|Logone-Occidental|
TD|LR|Logone-Oriental|
TD|MC|Moyen-Chari|
TD|MK|Mayo-Kébbi|
TD|OD|Ouaddaï|
TD|SA|Salamat|
TD|TA|Tandjilé|
TF|||
TG|C|Centre|
TG|K|Kara|
TG|M|Maritime (Région)|
TG|P|Plateaux|
TG|S|Savannes|
TH|10|Krung Thep Maha Nakhon [Bangkok]|Metropolitan Administration
TH|11|Samut Prakan|Province
TH|12|Nonthaburi|Province
TH|13|Pathum Thani|Province
TH|14|Phra Nakhon Si Ayutthaya|Province
TH|15|Ang Thong|Province
TH|16|Lop Buri|Province
TH|17|Sing Buri|Province
TH|18|Chai Nat|Province
TH|19|Saraburi|Province
TH|20|Chon Buri|Province
TH|21|Rayong|Province
TH|22|Chanthaburi|Province
TH|23|Trat|Province
TH|24|Chachoengsao|Province
TH|25|Prachin Buri|Province
TH|26|Nakhon Nayok|Province
TH|27|Sa Kaeo|Province
TH|30|Nakhon Ratchasima|Province
TH|31|Buri Ram|Province
TH|32|Surin|Province
TH|33|Si Sa Ket|Province
TH|34|Ubon Ratchathani|Province
TH|35|Yasothon|Province
TH|36|Chaiyaphum|Province
TH|37|Amnat Charoen|Province
TH|39|Nong Bua Lam Phu|Province
TH|40|Khon Kaen|Province
TH|41|Udon Thani|Province
TH|42|Loei|Province
TH|43|Nong Khai|Province
TH|44|Maha Sarakham|Province
TH|45|Roi Et|Province
TH|46|Kalasin|Province
TH|47|Sakon Nakhon|Province
TH|48|Nakhon Phanom|Province
TH|49|Mukdahan|Province
TH|50|Chiang Mai|Province
TH|51|Lamphun|Province
TH|52|Lampang|Province
TH|53|Uttaradit|Province
TH|54|Phrae|Province
TH|55|Nan|Province
TH|56|Phayao|Province
TH|57|Chiang Rai|Province
TH|58|Mae Hong Son|Province
TH|60|Nakhon Sawan|Province
TH|61|Uthai Thani|Province
TH|62|Kamphaeng Phet|Province
TH|63|Tak|Province
TH|64|Sukhothai|Province
TH|65|Phitsanulok|Province
TH|66|Phichit|Province
TH|67|Phetchabun|Province
TH|70|Ratchaburi|Province
TH|71|Kanchanaburi|Province
TH|72|Suphan Buri|Province
TH|73|Nakhon Pathom|Province
TH|74|Samut Sakhon|Province
TH|75|Samut Songkhram|Province
TH|76|Phetchaburi|Province
TH|77|Prachuap Khiri Khan|Province
TH|80|Nakhon Si Thammarat|Province
TH|81|Krabi|Province
TH|82|Phangnga|Province
TH|83|Phuket|Province
TH|84|Surat Thani|Province
TH|85|Ranong|Province
TH|86|Chumphon|Province
TH|90|Songkhla|Province
TH|91|Satun|Province
TH|92|Trang|Province
TH|93|Phatthalung|Province
TH|94|Pattani|Province
TH|95|Yala|Province
TH|96|Narathiwat|Province
TH|S|Phatthaya|Special Administrative City
TJ|GB|Gorno-Badakhshan|Autonomous Region
TJ|KT|Khatlon|Region
TJ|SU|Sughd|Region
TK|||
TL|AL|Aileu|
TL|AN|Ainaro|
TL|BA|Baucau|
TL|BO|Bobonaro|
TL|CO|Cova Lima|
TL|DI|Dili|
TL|ER|Ermera|
TL|LA|Lautem|
TL|LI|Liquiça|
TL|MF|Manufahi|
TL|MT|Manatuto|
TL|OE|Oecussi|
TL|VI|Viqueque|
TM|A|Ahal|
TM|B|Balkan|
TM|D|Dasoguz|
TM|L|Lebap|
TM|M|Mary|
TN|11|Tunis|
TN|12|L'Ariana|
TN|13|Ben Arous|
TN|14|Manouba|
TN|21|Nabeul|
TN|22|Zaghouan|
TN|23|Bizerte|
TN|31|Béja|
TN|32|Jendouba|
TN|33|Le Kef|
TN|34|Siliana|
TN|41|Kairouan|
TN|42|Kasserine|
TN|43|Sidi Bouzid|
TN|51|Sousse|
TN|52|Monastir|
TN|53|Mahdia|
TN|61|Sfax|
TN|71|Gafsa|
TN|72|Tozeur|
TN|73|Kebili|
TN|81|Gabès|
TN|82|Medenine|
TN|83|Tataouine|
TR|01|Adana|
TR|02|Adiyaman|
TR|03|Afyon|
TR|04|Agri|
TR|05|Amasya|
TR|06|Ankara|
TR|07|Antalya|
TR|08|Artvin|
TR|09|Aydin|
TR|10|Balikesir|
TR|11|Bilecik|
TR|12|Bingöl|
TR|13|Bitlis|
TR|14|Bolu|
TR|15|Burdur|
TR|16|Bursa|
TR|17|Çanakkale|
TR|18|Çankiri|
TR|19|Çorum|
TR|20|Denizli|
TR|21|Diyarbakir|
TR|22|Edirne|
TR|23|Elazig|
TR|24|Erzincan|
TR|25|Erzurum|
TR|26|Eskisehir|
TR|27|Gaziantep|
TR|28|Giresun|
TR|29|Gümüshane|
TR|30|Hakkâri|
TR|31|Hatay|
TR|32|Isparta|
TR|33|Içel|
TR|34|Istanbul|
TR|35|Izmir|
TR|36|Kars|
TR|37|Kastamonu|
TR|38|Kayseri|
TR|39|Kirklareli|
TR|40|Kirsehir|
TR|41|Kocaeli|
TR|42|Konya|
TR|43|Kütahya|
TR|44|Malatya|
TR|45|Manisa|
TR|46|Kahramanmaras|
TR|47|Mardin|
TR|48|Mugla|
TR|49|Mus|
TR|50|Nevsehir|
TR|51|Nigde|
TR|52|Ordu|
TR|53|Rize|
TR|54|Sakarya|
TR|55|Samsun|
TR|56|Siirt|
TR|57|Sinop|
TR|58|Sivas|
TR|59|Tekirdag|
TR|60|Tokat|
TR|61|Trabzon|
TR|62|Tunceli|
TR|63|Sanliurfa|
TR|64|Usak|
TR|65|Van|
TR|66|Yozgat|
TR|67|Zonguldak|
TR|68|Aksaray|
TR|69|Bayburt|
TR|70|Karaman|
TR|71|Kirikkale|
TR|72|Batman|
TR|73|Sirnak|
TR|74|Bartin|
TR|75|Ardahan|
TR|76|Igdir|
TR|77|Yalova|
TR|78|Karabük|
TR|79|Kilis|
TR|80|Osmaniye|
TR|81|Düzce|
TT|ARI|Arima|Municipality
TT|CHA|Chaguanas|Municipality
TT|CTT|Couva-Tabaquite-Talparo|Region
TT|DMN|Diego Martin|Region
TT|ETO|Eastern Tobago|Region
TT|PED|Penal-Debe|Region
TT|POS|Port of Spain|Municipality
TT|PRT|Princes Town|Region
TT|PTF|Point Fortin|Municipality
TT|RCM|Rio Claro-Mayaro|Region
TT|SFO|San Fernando|Municipality
TT|SGE|Sangre Grande|Region
TT|SIP|Siparia|Region
TT|SJL|San Juan-Laventille|Region
TT|TUP|Tunapuna-Piarco|Region
TT|WTO|Western Tobago|Region
TV|||
TW|CHA|Changhua|District
TW|CYI|Chiayi|Municipality
TW|CYQ|Chiayi|District
TW|HSQ|Hsinchu|District
TW|HSZ|Hsinchu|Municipality
TW|HUA|Hualien|District
TW|ILA|Ilan|District
TW|KEE|Keelung|Municipality
TW|KHH|Kaohsiung|Special Municipality
TW|KHQ|Kaohsiung|District
TW|MIA|Miaoli|District
TW|NAN|Nantou|District
TW|PEN|Penghu|District
TW|PIF|Pingtung|District
TW|TAO|Taoyuan|District
TW|TNN|Tainan|Municipality
TW|TNQ|Tainan|District
TW|TPE|Taipei|Special Municipality
TW|TPQ|Taipei|District
TW|TTT|Taitung|District
TW|TXG|Taichung|Municipality
TW|TXQ|Taichung|District
TW|YUN|Yunlin|District
TZ|01|Arusha|
TZ|02|Dar es Salaam|
TZ|03|Dodoma|
TZ|04|Iringa|
TZ|05|Kagera|
TZ|06|Kaskazini Pemba|
TZ|07|Kaskazini Unguja|
TZ|08|Kigoma|
TZ|09|Kilimanjaro|
TZ|10|Kusini Pemba|
TZ|11|Kusini Unguja|
TZ|12|Lindi|
TZ|13|Mara|
TZ|14|Mbeya|
TZ|15|Mjini Magharibi|
TZ|16|Morogoro|
TZ|17|Mtwara|
TZ|18|Mwanza|
TZ|19|Pwani|
TZ|20|Rukwa|
TZ|21|Ruvuma|
TZ|22|Shinyanga|
TZ|23|Singida|
TZ|24|Tabora|
TZ|25|Tanga|
TZ|26|Manyara|
UA|05|Vinnyts'ka Oblast'|Region
UA|07|Volyns'ka Oblast'|Region
UA|09|Luhans'ka Oblast'|Region
UA|12|Dnipropetrovs'ka Oblast'|Region
UA|14|Donets'ka Oblast'|Region
UA|18|Zhytomyrs'ka Oblast'|Region
UA|21|Zakarpats'ka Oblast'|Region
UA|23|Zaporiz'ka Oblast'|Region
UA|26|Ivano-Frankivs'ka Oblast'|Region
UA|30|Kyïv|City
UA|32|Kyïvs'ka Oblast'|Region
UA|35|Kirovohrads'ka Oblast'|Region
UA|40|Sevastopol'|City
UA|43|Respublika Krym|Republic
UA|46|L'vivs'ka Oblast'|Region
UA|48|Mykolaïvs'ka Oblast'|Region
UA|51|Odes'ka Oblast'|Region
UA|53|Poltavs'ka Oblast'|Region
UA|56|Rivnens'ka Oblast'|Region
UA|59|Sums'ka Oblast'|Region
UA|61|Ternopil's'ka Oblast'|Region
UA|63|Kharkivs'ka Oblast'|Region
UA|65|Khersons'ka Oblast'|Region
UA|68|Khmel'nyts'ka Oblast'|Region
UA|71|Cherkas'ka Oblast'|Region
UA|74|Chernihivs'ka Oblast'|Region
UA|77|Chernivets'ka Oblast'|Region
UG|101|Kalangala|
UG|102|Kampala|
UG|103|Kiboga|
UG|104|Luwero|
UG|105|Masaka|
UG|106|Mpigi|
UG|107|Mubende|
UG|108|Mukono|
UG|109|Nakasongola|
UG|110|Rakai|
UG|111|Sembabule|
UG|112|Kayunga|
UG|113|Wakiso|
UG|201|Bugiri|
UG|202|Busia|
UG|203|Iganga|
UG|204|Jinja|
UG|205|Kamuli|
UG|206|Kapchorwa|
UG|207|Katakwi|
UG|208|Kumi|
UG|209|Mbale|
UG|210|Pallisa|
UG|211|Soroti|
UG|212|Tororo|
UG|213|Kaberamaido|
UG|214|Mayuge|
UG|215|Sironko|
UG|301|Adjumani|
UG|302|Apac|
UG|303|Arua|
UG|304|Gulu|
UG|305|Kitgum|
UG|306|Kotido|
UG|307|Lira|
UG|308|Moroto|
UG|309|Moyo|
UG|310|Nebbi|
UG|311|Nakapiripirit|
UG|312|Pader|
UG|313|Yumbe|
UG|401|Bundibugyo|
UG|402|Bushenyi|
UG|403|Hoima|
UG|404|Kabale|
UG|405|Kabarole|
UG|406|Kasese|
UG|407|Kibaale|
UG|408|Kisoro|
UG|409|Masindi|
UG|410|Mbarara|
UG|411|Ntungamo|
UG|412|Rukungiri|
UG|413|Kamwenge|
UG|414|Kanungu|
UG|415|Kyenjojo|
UM|67|Johnston Atoll|
UM|71|Midway Islands|
UM|76|Navassa Island|
UM|79|Wake Island|
UM|81|Baker Island|
UM|84|Howland Island|
UM|86|Jarvis Island|
UM|89|Kingman Reef|
UM|95|Palmyra Atoll|
US|AK|Alaska|State
US|AL|Alabama|State
US|AR|Arkansas|State
US|AS|American Samoa (see also separate entry under AS)|Outlying Area
US|AZ|Arizona|State
US|CA|California|State
US|CO|Colorado|State
US|CT|Connecticut|State
US|DC|District of Columbia|District
US|DE|Delaware|State
US|FL|Florida|State
US|GA|Georgia|State
US|GU|Guam (see also separate entry under GU)|Outlying Area
US|HI|Hawaii|State
US|IA|Iowa|State
US|ID|Idaho|State
US|IL|Illinois|State
US|IN|Indiana|State
US|KS|Kansas|State
US|KY|Kentucky|State
US|LA|Louisiana|State
US|MA|Massachusetts|State
US|MD|Maryland|State
US|ME|Maine|State
US|MI|Michigan|State
US|MN|Minnesota|State
US|MO|Missouri|State
US|MP|Northern Mariana Islands (see also separate entry under MP)|Outlying Area
US|MS|Mississippi|State
US|MT|Montana|State
US|NC|North Carolina|State
US|ND|North Dakota|State
US|NE|Nebraska|State
US|NH|New Hampshire|State
US|NJ|New Jersey|State
US|NM|New Mexico|State
US|NV|Nevada|State
US|NY|New York|State
US|OH|Ohio|State
US|OK|Oklahoma|State
US|OR|Oregon|State
US|PA|Pennsylvania|State
US|PR|Puerto Rico (see also separate entry under PR)|Outlying Area
US|RI|Rhode Island|State
US|SC|South Carolina|State
US|SD|South Dakota|State
US|TN|Tennessee|State
US|TX|Texas|State
US|UM|United States Minor Outlying Islands (see also separate entry under UM)|Outlying Area
US|UT|Utah|State
US|VA|Virginia|State
US|VI|Virgin Islands, U.S. (see also separate entry under VI)|Outlying Area
US|VT|Vermont|State
US|WA|Washington|State
US|WI|Wisconsin|State
US|WV|West Virginia|State
US|WY|Wyoming|State
UY|AR|Artigas|
UY|CA|Canelones|
UY|CL|Cerro Largo|
UY|CO|Colonia|
UY|DU|Durazno|
UY|FD|Florida|
UY|FS|Flores|
UY|LA|Lavalleja|
UY|MA|Maldonado|
UY|MO|Montevideo|
UY|PA|Paysandú|
UY|RN|Río Negro|
UY|RO|Rocha|
UY|RV|Rivera|
UY|SA|Salto|
UY|SJ|San José|
UY|SO|Soriano|
UY|TA|Tacuarembó|
UY|TT|Treinta y Tres|
UZ|AN|Andijon|Region
UZ|BU|Buxoro|Region
UZ|FA|Farg'ona|Region
UZ|JI|Jizzax|Region
UZ|NG|Namangan|Region
UZ|NW|Navoiy|Region
UZ|QA|Qashqadaryo|Region
UZ|QR|Qoraqalpog'iston Respublikasi|Republic
UZ|SA|Samarqand|Region
UZ|SI|Sirdaryo|Region
UZ|SU|Surxondaryo|Region
UZ|TK|Toshkent|City
UZ|TO|Toshkent|Region
UZ|XO|Xorazm|Region
VA|||
VC|||
VE|A|Distrito Federal|Federal District
VE|B|Anzoátegui|State
VE|C|Apure|State
VE|D|Aragua|State
VE|E|Barinas|State
VE|F|Bolívar|State
VE|G|Carabobo|State
VE|H|Cojedes|State
VE|I|Falcón|State
VE|J|Guárico|State
VE|K|Lara|State
VE|L|Mérida|State
VE|M|Miranda|State
VE|N|Monagas|State
VE|O|Nueva Esparta|State
VE|P|Portuguesa|State
VE|R|Sucre|State
VE|S|Táchira|State
VE|T|Trujillo|State
VE|U|Yaracuy|State
VE|V|Zulia|State
VE|W|Dependencias Federales|Federal Dependency
VE|X|Vargas|State
VE|Y|Delta Amacuro|State
VE|Z|Amazonas|State
VG|||
VI|||
VN|01|Lai Chau|
VN|02|Lao Cai|
VN|03|Ha Giang|
VN|04|Cao Bang|
VN|05|Son La|
VN|06|Yen Bai|
VN|07|Tuyen Quang|
VN|09|Lang Son|
VN|13|Quang Ninh|
VN|14|Hoa Binh|
VN|15|Ha Tay|
VN|18|Ninh Binh|
VN|20|Thai Binh|
VN|21|Thanh Hoa|
VN|22|Nghe An|
VN|23|Ha Tinh|
VN|24|Quang Binh|
VN|25|Quang Tri|
VN|26|Thua Thien-Hue|
VN|27|Quang Nam|
VN|28|Kon Tum|
VN|29|Quang Ngai|
VN|30|Gia Lai|
VN|31|Binh Dinh|
VN|32|Phu Yen|
VN|33|Dac Lac|
VN|34|Khanh Hoa|
VN|35|Lam Dong|
VN|36|Ninh Thuan|
VN|37|Tay Ninh|
VN|39|Dong Nai|
VN|40|Binh Thuan|
VN|41|Long An|
VN|43|Ba Ria - Vung Tau|
VN|44|An Giang|
VN|45|Dong Thap|
VN|46|Tien Giang|
VN|47|Kien Giang|
VN|48|Can Tho|
VN|49|Vinh Long|
VN|50|Ben Tre|
VN|51|Tra Vinh|
VN|52|Soc Trang|
VN|53|Bac Can|
VN|54|Bac Giang|
VN|55|Bac Lieu|
VN|56|Bac Ninh|
VN|57|Binh Duong|
VN|58|Binh Phuoc|
VN|59|Ca Mau|
VN|60|Da Nang, thanh pho|
VN|61|Hai Duong|
VN|62|Hai Phong, thanh pho|
VN|63|Ha Nam|
VN|64|Ha Noi, thu do|
VN|65|Ho Chi Minh, thanh pho [Sai Gon]|
VN|66|Hung Yen|
VN|67|Nam Dinh|
VN|68|Phu Tho|
VN|69|Thai Nguyen|
VN|70|Vinh Phuc|
VU|MAP|Malampa|
VU|PAM|Pénama|
VU|SAM|Sanma|
VU|SEE|Shéfa|
VU|TAE|Taféa|
VU|TOB|Torba|
WF|||
WS|AA|A'ana|
WS|AL|Aiga-i-le-Tai|
WS|AT|Atua|
WS|FA|Fa'asaleleaga|
WS|GE|Gaga'emauga|
WS|GI|Gagaifomauga|
WS|PA|Palauli|
WS|SA|Satupa'itea|
WS|TU|Tuamasaga|
WS|VF|Va'a-o-Fonoti|
WS|VS|Vaisigano|
YE|AB|Abyan|
YE|AD|Adan|
YE|BA|Al Bayha'|
YE|DH|Dhamar|
YE|HD|Hahramawt|
YE|HJ|Hajjah|
YE|HU|Al Hudaydah|
YE|IB|Ibb|
YE|JA|Al Jawf|
YE|LA|Lahij|
YE|MA|Ma'rib|
YE|MR|Al Mahrah|
YE|MW|Al Mahwit|
YE|SD|Sahdah|
YE|SH|Shabwah|
YE|SN|Sanha'|
YE|TA|Tahizz|
YT|||
ZA|EC|Eastern Cape|
ZA|FS|Free State|
ZA|GT|Gauteng|
ZA|MP|Mpumalanga|
ZA|NC|Northern Cape|
ZA|NL|Kwazulu-Natal|
ZA|NP|Northern Province|
ZA|NW|North-West|
ZA|WC|Western Cape|
ZM|01|Western|
ZM|02|Central|
ZM|03|Eastern|
ZM|04|Luapula|
ZM|05|Northern|
ZM|06|North-Western|
ZM|07|Southern|
ZM|08|Copperbelt|
ZM|09|Lusaka|
ZW|BU|Bulawayo|
ZW|HA|Harare|
ZW|MA|Manicaland|
ZW|MC|Mashonaland Central|
ZW|ME|Mashonaland East|
ZW|MI|Midlands|
ZW|MN|Matabeleland North|
ZW|MS|Matabeleland South|
ZW|MV|Masvingo|
ZW|MW|Mashonaland West|
(3995 rows)
